This is pdfTeX, Version 3.14159265-2.6-1.40.21 (MiKTeX 20.6.29 Portable) (preloaded format=pdflatex 2020.9.2)  2 SEP 2020 15:26
entering extended mode
**X:/Meereskunde/Unterwasserschall/AMSO23/NORDSEE/ES1/QC/Logs/ES1_2019_09_qclog.tex
(X:/Meereskunde/Unterwasserschall/AMSO23/NORDSEE/ES1/QC/Logs/ES1_2019_09_qclog.tex
LaTeX2e <2020-02-02> patch level 5
L3 programming layer <2020-06-18> (C:\miktex-portable\texmfs\install\tex/latex/base\report.cls
Document Class: report 2019/12/20 v1.4l Standard LaTeX document class
(C:\miktex-portable\texmfs\install\tex/latex/base\size12.clo
File: size12.clo 2019/12/20 v1.4l Standard LaTeX file (size option)
)
\c@part=\count167
\c@chapter=\count168
\c@section=\count169
\c@subsection=\count170
\c@subsubsection=\count171
\c@paragraph=\count172
\c@subparagraph=\count173
\c@figure=\count174
\c@table=\count175
\abovecaptionskip=\skip47
\belowcaptionskip=\skip48
\bibindent=\dimen134
)
(C:\miktex-portable\texmfs\install\tex/latex/base\fontenc.sty
Package: fontenc 2020/02/11 v2.0o Standard LaTeX package
)
(C:\miktex-portable\texmfs\install\tex/latex/base\inputenc.sty
Package: inputenc 2018/08/11 v1.3c Input encoding file
\inpenc@prehook=\toks15
\inpenc@posthook=\toks16

(C:\miktex-portable\texmfs\install\tex/latex/base\ansinew.def
File: ansinew.def 2018/08/11 v1.3c Input encoding file
))
(C:\miktex-portable\texmfs\install\tex/latex/geometry\geometry.sty
Package: geometry 2020/01/02 v5.9 Page Geometry

(C:\miktex-portable\texmfs\install\tex/latex/graphics\keyval.sty
Package: keyval 2014/10/28 v1.15 key=value parser (DPC)
\KV@toks@=\toks17
)
(C:\miktex-portable\texmfs\install\tex/generic/iftex\ifvtex.sty
Package: ifvtex 2019/10/25 v1.7 ifvtex legacy package. Use iftex instead.

(C:\miktex-portable\texmfs\install\tex/generic/iftex\iftex.sty
Package: iftex 2020/03/06 v1.0d TeX engine tests
))
\Gm@cnth=\count176
\Gm@cntv=\count177
\c@Gm@tempcnt=\count178
\Gm@bindingoffset=\dimen135
\Gm@wd@mp=\dimen136
\Gm@odd@mp=\dimen137
\Gm@even@mp=\dimen138
\Gm@layoutwidth=\dimen139
\Gm@layoutheight=\dimen140
\Gm@layouthoffset=\dimen141
\Gm@layoutvoffset=\dimen142
\Gm@dimlist=\toks18

(C:\miktex-portable\texmfs\install\tex/latex/geometry\geometry.cfg))
(C:\miktex-portable\texmfs\install\tex/latex/graphics\graphicx.sty
Package: graphicx 2019/11/30 v1.2a Enhanced LaTeX Graphics (DPC,SPQR)

(C:\miktex-portable\texmfs\install\tex/latex/graphics\graphics.sty
Package: graphics 2019/11/30 v1.4a Standard LaTeX Graphics (DPC,SPQR)

(C:\miktex-portable\texmfs\install\tex/latex/graphics\trig.sty
Package: trig 2016/01/03 v1.10 sin cos tan (DPC)
)
(C:\miktex-portable\texmfs\install\tex/latex/graphics-cfg\graphics.cfg
File: graphics.cfg 2016/06/04 v1.11 sample graphics configuration
)
Package graphics Info: Driver file: pdftex.def on input line 105.

(C:\miktex-portable\texmfs\install\tex/latex/graphics-def\pdftex.def
File: pdftex.def 2018/01/08 v1.0l Graphics/color driver for pdftex
))
\Gin@req@height=\dimen143
\Gin@req@width=\dimen144
)
(C:\miktex-portable\texmfs\install\tex/latex/amsmath\amsbsy.sty
Package: amsbsy 1999/11/29 v1.2d Bold Symbols

(C:\miktex-portable\texmfs\install\tex/latex/amsmath\amsgen.sty
File: amsgen.sty 1999/11/30 v2.0 generic functions
\@emptytoks=\toks19
\ex@=\dimen145
)
\pmbraise@=\dimen146
)
(C:\miktex-portable\texmfs\install\tex/latex/amsmath\amstext.sty
Package: amstext 2000/06/29 v2.01 AMS text
)
(C:\miktex-portable\texmfs\install\tex/latex/amsmath\amsmath.sty
Package: amsmath 2020/01/20 v2.17e AMS math features
\@mathmargin=\skip49

For additional information on amsmath, use the `?' option.
(C:\miktex-portable\texmfs\install\tex/latex/amsmath\amsopn.sty
Package: amsopn 2016/03/08 v2.02 operator names
)
\inf@bad=\count179
LaTeX Info: Redefining \frac on input line 227.
\uproot@=\count180
\leftroot@=\count181
LaTeX Info: Redefining \overline on input line 389.
\classnum@=\count182
\DOTSCASE@=\count183
LaTeX Info: Redefining \ldots on input line 486.
LaTeX Info: Redefining \dots on input line 489.
LaTeX Info: Redefining \cdots on input line 610.
\Mathstrutbox@=\box45
\strutbox@=\box46
\big@size=\dimen147
LaTeX Font Info:    Redeclaring font encoding OML on input line 733.
LaTeX Font Info:    Redeclaring font encoding OMS on input line 734.
\macc@depth=\count184
\c@MaxMatrixCols=\count185
\dotsspace@=\muskip16
\c@parentequation=\count186
\dspbrk@lvl=\count187
\tag@help=\toks20
\row@=\count188
\column@=\count189
\maxfields@=\count190
\andhelp@=\toks21
\eqnshift@=\dimen148
\alignsep@=\dimen149
\tagshift@=\dimen150
\tagwidth@=\dimen151
\totwidth@=\dimen152
\lineht@=\dimen153
\@envbody=\toks22
\multlinegap=\skip50
\multlinetaggap=\skip51
\mathdisplay@stack=\toks23
LaTeX Info: Redefining \[ on input line 2859.
LaTeX Info: Redefining \] on input line 2860.
)
(C:\miktex-portable\texmfs\install\tex/latex/tools\array.sty
Package: array 2019/08/31 v2.4l Tabular extension package (FMi)
\col@sep=\dimen154
\ar@mcellbox=\box47
\extrarowheight=\dimen155
\NC@list=\toks24
\extratabsurround=\skip52
\backup@length=\skip53
\ar@cellbox=\box48
)
(C:\miktex-portable\texmfs\install\tex/latex/tools\longtable.sty
Package: longtable 2020/01/07 v4.13 Multi-page Table package (DPC)
\LTleft=\skip54
\LTright=\skip55
\LTpre=\skip56
\LTpost=\skip57
\LTchunksize=\count191
\LTcapwidth=\dimen156
\LT@head=\box49
\LT@firsthead=\box50
\LT@foot=\box51
\LT@lastfoot=\box52
\LT@cols=\count192
\LT@rows=\count193
\c@LT@tables=\count194
\c@LT@chunks=\count195
\LT@p@ftn=\toks25
)
(C:\miktex-portable\texmfs\install\tex/latex/tocbibind\tocbibind.sty
Package: tocbibind 2010/10/13 v1.5k extra ToC listings
Package tocbibind Info: The document has chapter divisions on input line 50.


Package tocbibind Note: Using chapter style headings, unless overridden.

) (C:\miktex-portable\texmfs\install\tex/latex/caption\caption.sty
Package: caption 2020/05/30 v3.4k Customizing captions (AR)

(C:\miktex-portable\texmfs\install\tex/latex/caption\caption3.sty
Package: caption3 2020/07/20 v1.12b caption3 kernel (AR)
Package caption3 Info: TeX engine: e-TeX on input line 61.
\captionmargin=\dimen157
\captionmargin@=\dimen158
\captionwidth=\dimen159
\caption@tempdima=\dimen160
\caption@indent=\dimen161
\caption@parindent=\dimen162
\caption@hangindent=\dimen163
Package caption Info: Standard document class detected.
)
\c@caption@flags=\count196
\c@continuedfloat=\count197
Package caption Info: longtable package is loaded.

(C:\miktex-portable\texmfs\install\tex/latex/caption\ltcaption.sty
Package: ltcaption 2020/05/30 v1.4b longtable captions (AR)
))
(C:\miktex-portable\texmfs\install\tex/latex/multirow\bigstrut.sty
Package: bigstrut 2019/05/31 v2.5 Provide larger struts in tabulars
\bigstrutjot=\dimen164
)
(C:\miktex-portable\texmfs\install\tex/latex/multirow\multirow.sty
Package: multirow 2019/05/31 v2.5 Span multiple rows of a table
\multirow@colwidth=\skip58
\multirow@cntb=\count198
\multirow@dima=\skip59
)
(C:\miktex-portable\texmfs\install\tex/latex/footmisc\footmisc.sty
Package: footmisc 2011/06/06 v5.5b a miscellany of footnote facilities
\FN@temptoken=\toks26
\footnotemargin=\dimen165
\c@pp@next@reset=\count199
Package footmisc Info: Declaring symbol style bringhurst on input line 855.
Package footmisc Info: Declaring symbol style chicago on input line 863.
Package footmisc Info: Declaring symbol style wiley on input line 872.
Package footmisc Info: Declaring symbol style lamport-robust on input line 883.
Package footmisc Info: Declaring symbol style lamport* on input line 903.
Package footmisc Info: Declaring symbol style lamport*-robust on input line 924.
)
(C:\miktex-portable\texmfs\install\tex/latex/float\float.sty
Package: float 2001/11/08 v1.3d Float enhancements (AL)
\c@float@type=\count266
\float@exts=\toks27
\float@box=\box53
\@float@everytoks=\toks28
\@floatcapt=\box54
)
(C:\miktex-portable\texmfs\install\tex/latex/xcolor\xcolor.sty
Package: xcolor 2016/05/11 v2.12 LaTeX color extensions (UK)

(C:\miktex-portable\texmfs\install\tex/latex/graphics-cfg\color.cfg
File: color.cfg 2016/01/02 v1.6 sample color configuration
)
Package xcolor Info: Driver file: pdftex.def on input line 225.

(C:\miktex-portable\texmfs\install\tex/latex/colortbl\colortbl.sty
Package: colortbl 2020/01/04 v1.0e Color table columns (DPC)
\everycr=\toks29
\minrowclearance=\skip60
)
\rownum=\count267
Package xcolor Info: Model `cmy' substituted by `cmy0' on input line 1348.
Package xcolor Info: Model `hsb' substituted by `rgb' on input line 1352.
Package xcolor Info: Model `RGB' extended on input line 1364.
Package xcolor Info: Model `HTML' substituted by `rgb' on input line 1366.
Package xcolor Info: Model `Hsb' substituted by `hsb' on input line 1367.
Package xcolor Info: Model `tHsb' substituted by `hsb' on input line 1368.
Package xcolor Info: Model `HSB' substituted by `hsb' on input line 1369.
Package xcolor Info: Model `Gray' substituted by `gray' on input line 1370.
Package xcolor Info: Model `wave' substituted by `hsb' on input line 1371.
)
(C:\miktex-portable\texmfs\install\tex/latex/setspace\setspace.sty
Package: setspace 2011/12/19 v6.7a set line spacing
)
(C:\miktex-portable\texmfs\install\tex/latex/placeins\placeins.sty
Package: placeins 2005/04/18  v 2.2
)
(C:\miktex-portable\texmfs\install\tex/latex/sttools\stfloats.sty
Package: stfloats 2017/03/27 v3.3 Improve float mechanism and baselineskip settings
\@dblbotnum=\count268
\c@dblbotnumber=\count269
)
(C:\miktex-portable\texmfs\install\tex/latex/tools\tabularx.sty
Package: tabularx 2020/01/15 v2.11c `tabularx' package (DPC)
\TX@col@width=\dimen166
\TX@old@table=\dimen167
\TX@old@col=\dimen168
\TX@target=\dimen169
\TX@delta=\dimen170
\TX@cols=\count270
\TX@ftn=\toks30
)
(C:\miktex-portable\texmfs\install\tex/latex/psnfss\courier.sty
Package: courier 2020/03/25 PSNFSS-v9.3 (WaS) 
)
(C:\miktex-portable\texmfs\install\tex/latex/listings\listings.sty
\lst@mode=\count271
\lst@gtempboxa=\box55
\lst@token=\toks31
\lst@length=\count272
\lst@currlwidth=\dimen171
\lst@column=\count273
\lst@pos=\count274
\lst@lostspace=\dimen172
\lst@width=\dimen173
\lst@newlines=\count275
\lst@lineno=\count276
\lst@maxwidth=\dimen174

(C:\miktex-portable\texmfs\install\tex/latex/listings\lstmisc.sty
File: lstmisc.sty 2020/03/24 1.8d (Carsten Heinz)
\c@lstnumber=\count277
\lst@skipnumbers=\count278
\lst@framebox=\box56
)
(C:\miktex-portable\texmfs\install\tex/latex/listings\listings.cfg
File: listings.cfg 2020/03/24 1.8d listings configuration
))
Package: listings 2020/03/24 1.8d (Carsten Heinz)

(C:\miktex-portable\texmfs\install\tex/latex/hyperref\hyperref.sty
Package: hyperref 2020-05-15 v7.00e Hypertext links for LaTeX

(C:\miktex-portable\texmfs\install\tex/generic/ltxcmds\ltxcmds.sty
Package: ltxcmds 2019/12/15 v1.24 LaTeX kernel commands for general use (HO)
)
(C:\miktex-portable\texmfs\install\tex/generic/pdftexcmds\pdftexcmds.sty
Package: pdftexcmds 2020-06-27 v0.33 Utility functions of pdfTeX for LuaTeX (HO)

(C:\miktex-portable\texmfs\install\tex/generic/infwarerr\infwarerr.sty
Package: infwarerr 2019/12/03 v1.5 Providing info/warning/error messages (HO)
)
Package pdftexcmds Info: \pdf@primitive is available.
Package pdftexcmds Info: \pdf@ifprimitive is available.
Package pdftexcmds Info: \pdfdraftmode found.
)
(C:\miktex-portable\texmfs\install\tex/generic/kvsetkeys\kvsetkeys.sty
Package: kvsetkeys 2019/12/15 v1.18 Key value parser (HO)
)
(C:\miktex-portable\texmfs\install\tex/generic/kvdefinekeys\kvdefinekeys.sty
Package: kvdefinekeys 2019-12-19 v1.6 Define keys (HO)
)
(C:\miktex-portable\texmfs\install\tex/generic/pdfescape\pdfescape.sty
Package: pdfescape 2019/12/09 v1.15 Implements pdfTeX's escape features (HO)
)
(C:\miktex-portable\texmfs\install\tex/latex/hycolor\hycolor.sty
Package: hycolor 2020-01-27 v1.10 Color options for hyperref/bookmark (HO)
)
(C:\miktex-portable\texmfs\install\tex/latex/letltxmacro\letltxmacro.sty
Package: letltxmacro 2019/12/03 v1.6 Let assignment for LaTeX macros (HO)
)
(C:\miktex-portable\texmfs\install\tex/latex/auxhook\auxhook.sty
Package: auxhook 2019-12-17 v1.6 Hooks for auxiliary files (HO)
)
(C:\miktex-portable\texmfs\install\tex/latex/kvoptions\kvoptions.sty
Package: kvoptions 2019/11/29 v3.13 Key value format for package options (HO)
)
\@linkdim=\dimen175
\Hy@linkcounter=\count279
\Hy@pagecounter=\count280

(C:\miktex-portable\texmfs\install\tex/latex/hyperref\pd1enc.def
File: pd1enc.def 2020-05-15 v7.00e Hyperref: PDFDocEncoding definition (HO)
Now handling font encoding PD1 ...
... no UTF-8 mapping file for font encoding PD1
)
(C:\miktex-portable\texmfs\install\tex/generic/intcalc\intcalc.sty
Package: intcalc 2019/12/15 v1.3 Expandable calculations with integers (HO)
)
(C:\miktex-portable\texmfs\install\tex/generic/etexcmds\etexcmds.sty
Package: etexcmds 2019/12/15 v1.7 Avoid name clashes with e-TeX commands (HO)
)
\Hy@SavedSpaceFactor=\count281
Package hyperref Info: Option `colorlinks' set `false' on input line 4338.
Package hyperref Info: Option `raiselinks' set `true' on input line 4338.
Package hyperref Info: Option `breaklinks' set `true' on input line 4338.
Package hyperref Info: Option `verbose' set `true' on input line 4338.
Package hyperref Info: Option `hyperindex' set `true' on input line 4338.
Package hyperref Info: Option `linktocpage' set `true' on input line 4338.
Package hyperref Info: Option `hyperfootnotes' set `false' on input line 4338.
Package hyperref Info: Option `bookmarks' set `true' on input line 4338.
Package hyperref Info: Option `bookmarksopen' set `true' on input line 4338.
Package hyperref Info: Option `bookmarksnumbered' set `true' on input line 4338.
Package hyperref Info: Option `plainpages' set `false' on input line 4338.
Package hyperref Info: Option `pageanchor' set `true' on input line 4338.
Package hyperref Info: Option `pdfpagelabels' set `true' on input line 4338.
Package hyperref Info: Hyper figures OFF on input line 4464.
Package hyperref Info: Link nesting OFF on input line 4469.
Package hyperref Info: Hyper index ON on input line 4472.
Package hyperref Info: Plain pages OFF on input line 4479.
Package hyperref Info: Backreferencing OFF on input line 4484.
Package hyperref Info: Implicit mode ON; LaTeX internals redefined.
Package hyperref Info: Bookmarks ON on input line 4717.
\c@Hy@tempcnt=\count282

(C:\miktex-portable\texmfs\install\tex/latex/url\url.sty
\Urlmuskip=\muskip17
Package: url 2013/09/16  ver 3.4  Verb mode for urls, etc.
)
LaTeX Info: Redefining \url on input line 5076.
\XeTeXLinkMargin=\dimen176

(C:\miktex-portable\texmfs\install\tex/generic/bitset\bitset.sty
Package: bitset 2019/12/09 v1.3 Handle bit-vector datatype (HO)

(C:\miktex-portable\texmfs\install\tex/generic/bigintcalc\bigintcalc.sty
Package: bigintcalc 2019/12/15 v1.5 Expandable calculations on big integers (HO)
))
\Fld@menulength=\count283
\Field@Width=\dimen177
\Fld@charsize=\dimen178
Package hyperref Info: Hyper figures OFF on input line 6347.
Package hyperref Info: Link nesting OFF on input line 6352.
Package hyperref Info: Hyper index ON on input line 6355.
Package hyperref Info: backreferencing OFF on input line 6362.
Package hyperref Info: Link coloring OFF on input line 6367.
Package hyperref Info: Link coloring with OCG OFF on input line 6372.
Package hyperref Info: PDF/A mode OFF on input line 6377.
LaTeX Info: Redefining \ref on input line 6417.
LaTeX Info: Redefining \pageref on input line 6421.

(C:\miktex-portable\texmfs\install\tex/generic/atbegshi\atbegshi.sty
Package: atbegshi 2019/12/05 v1.19 At begin shipout hook (HO)
)
\Hy@abspage=\count284
\c@Item=\count285
)
Package hyperref Info: Driver (autodetected): hpdftex.

(C:\miktex-portable\texmfs\install\tex/latex/hyperref\hpdftex.def
File: hpdftex.def 2020-05-15 v7.00e Hyperref driver for pdfTeX

(C:\miktex-portable\texmfs\install\tex/latex/atveryend\atveryend.sty
Package: atveryend 2019-12-11 v1.11 Hooks at the very end of document (HO)
Package atveryend Info: \enddocument detected (standard20110627).
)
\Fld@listcount=\count286
\c@bookmark@seq@number=\count287

(C:\miktex-portable\texmfs\install\tex/latex/rerunfilecheck\rerunfilecheck.sty
Package: rerunfilecheck 2019/12/05 v1.9 Rerun checks for auxiliary files (HO)

(C:\miktex-portable\texmfs\install\tex/generic/uniquecounter\uniquecounter.sty
Package: uniquecounter 2019/12/15 v1.4 Provide unlimited unique counter (HO)
)
Package uniquecounter Info: New unique counter `rerunfilecheck' on input line 286.
)
\Hy@SectionHShift=\skip61
)
(C:\miktex-portable\texmfs\install\tex/latex/cite\cite.sty
LaTeX Info: Redefining \cite on input line 302.
LaTeX Info: Redefining \nocite on input line 332.
Package: cite 2015/02/27  v 5.5
)
(C:\miktex-portable\texmfs\install\tex/latex/pgf/frontendlayer\tikz.sty
(C:\miktex-portable\texmfs\install\tex/latex/pgf/basiclayer\pgf.sty
(C:\miktex-portable\texmfs\install\tex/latex/pgf/utilities\pgfrcs.sty
(C:\miktex-portable\texmfs\install\tex/generic/pgf/utilities\pgfutil-common.tex
\pgfutil@everybye=\toks32
\pgfutil@tempdima=\dimen179
\pgfutil@tempdimb=\dimen180

(C:\miktex-portable\texmfs\install\tex/generic/pgf/utilities\pgfutil-common-lists.tex))
(C:\miktex-portable\texmfs\install\tex/generic/pgf/utilities\pgfutil-latex.def
\pgfutil@abb=\box57

(C:\miktex-portable\texmfs\install\tex/latex/ms\everyshi.sty
Package: everyshi 2001/05/15 v3.00 EveryShipout Package (MS)
))
(C:\miktex-portable\texmfs\install\tex/generic/pgf/utilities\pgfrcs.code.tex
(C:\miktex-portable\texmfs\install\tex/generic/pgf\pgf.revision.tex)
Package: pgfrcs 2020/01/08 v3.1.5b (3.1.5b)
))
Package: pgf 2020/01/08 v3.1.5b (3.1.5b)

(C:\miktex-portable\texmfs\install\tex/latex/pgf/basiclayer\pgfcore.sty
(C:\miktex-portable\texmfs\install\tex/latex/pgf/systemlayer\pgfsys.sty
(C:\miktex-portable\texmfs\install\tex/generic/pgf/systemlayer\pgfsys.code.tex
Package: pgfsys 2020/01/08 v3.1.5b (3.1.5b)

(C:\miktex-portable\texmfs\install\tex/generic/pgf/utilities\pgfkeys.code.tex
\pgfkeys@pathtoks=\toks33
\pgfkeys@temptoks=\toks34

(C:\miktex-portable\texmfs\install\tex/generic/pgf/utilities\pgfkeysfiltered.code.tex
\pgfkeys@tmptoks=\toks35
))
\pgf@x=\dimen181
\pgf@y=\dimen182
\pgf@xa=\dimen183
\pgf@ya=\dimen184
\pgf@xb=\dimen185
\pgf@yb=\dimen186
\pgf@xc=\dimen187
\pgf@yc=\dimen188
\pgf@xd=\dimen189
\pgf@yd=\dimen190
\w@pgf@writea=\write3
\r@pgf@reada=\read2
\c@pgf@counta=\count288
\c@pgf@countb=\count289
\c@pgf@countc=\count290
\c@pgf@countd=\count291
\t@pgf@toka=\toks36
\t@pgf@tokb=\toks37
\t@pgf@tokc=\toks38
\pgf@sys@id@count=\count292

(C:\miktex-portable\texmfs\install\tex/generic/pgf/systemlayer\pgf.cfg
File: pgf.cfg 2020/01/08 v3.1.5b (3.1.5b)
)
Driver file for pgf: pgfsys-pdftex.def

(C:\miktex-portable\texmfs\install\tex/generic/pgf/systemlayer\pgfsys-pdftex.def
File: pgfsys-pdftex.def 2020/01/08 v3.1.5b (3.1.5b)

(C:\miktex-portable\texmfs\install\tex/generic/pgf/systemlayer\pgfsys-common-pdf.def
File: pgfsys-common-pdf.def 2020/01/08 v3.1.5b (3.1.5b)
)))
(C:\miktex-portable\texmfs\install\tex/generic/pgf/systemlayer\pgfsyssoftpath.code.tex
File: pgfsyssoftpath.code.tex 2020/01/08 v3.1.5b (3.1.5b)
\pgfsyssoftpath@smallbuffer@items=\count293
\pgfsyssoftpath@bigbuffer@items=\count294
)
(C:\miktex-portable\texmfs\install\tex/generic/pgf/systemlayer\pgfsysprotocol.code.tex
File: pgfsysprotocol.code.tex 2020/01/08 v3.1.5b (3.1.5b)
))
(C:\miktex-portable\texmfs\install\tex/generic/pgf/basiclayer\pgfcore.code.tex
Package: pgfcore 2020/01/08 v3.1.5b (3.1.5b)

(C:\miktex-portable\texmfs\install\tex/generic/pgf/math\pgfmath.code.tex
(C:\miktex-portable\texmfs\install\tex/generic/pgf/math\pgfmathcalc.code.tex
(C:\miktex-portable\texmfs\install\tex/generic/pgf/math\pgfmathutil.code.tex)
(C:\miktex-portable\texmfs\install\tex/generic/pgf/math\pgfmathparser.code.tex
\pgfmath@dimen=\dimen191
\pgfmath@count=\count295
\pgfmath@box=\box58
\pgfmath@toks=\toks39
\pgfmath@stack@operand=\toks40
\pgfmath@stack@operation=\toks41
)
(C:\miktex-portable\texmfs\install\tex/generic/pgf/math\pgfmathfunctions.code.tex
(C:\miktex-portable\texmfs\install\tex/generic/pgf/math\pgfmathfunctions.basic.code.tex)
(C:\miktex-portable\texmfs\install\tex/generic/pgf/math\pgfmathfunctions.trigonometric.code.tex)
(C:\miktex-portable\texmfs\install\tex/generic/pgf/math\pgfmathfunctions.random.code.tex)
(C:\miktex-portable\texmfs\install\tex/generic/pgf/math\pgfmathfunctions.comparison.code.tex)
(C:\miktex-portable\texmfs\install\tex/generic/pgf/math\pgfmathfunctions.base.code.tex)
(C:\miktex-portable\texmfs\install\tex/generic/pgf/math\pgfmathfunctions.round.code.tex)
(C:\miktex-portable\texmfs\install\tex/generic/pgf/math\pgfmathfunctions.misc.code.tex)
(C:\miktex-portable\texmfs\install\tex/generic/pgf/math\pgfmathfunctions.integerarithmetics.code.tex)))
(C:\miktex-portable\texmfs\install\tex/generic/pgf/math\pgfmathfloat.code.tex
\c@pgfmathroundto@lastzeros=\count296
))
(C:\miktex-portable\texmfs\install\tex/generic/pgf/math\pgfint.code.tex)
(C:\miktex-portable\texmfs\install\tex/generic/pgf/basiclayer\pgfcorepoints.code.tex
File: pgfcorepoints.code.tex 2020/01/08 v3.1.5b (3.1.5b)
\pgf@picminx=\dimen192
\pgf@picmaxx=\dimen193
\pgf@picminy=\dimen194
\pgf@picmaxy=\dimen195
\pgf@pathminx=\dimen196
\pgf@pathmaxx=\dimen197
\pgf@pathminy=\dimen198
\pgf@pathmaxy=\dimen199
\pgf@xx=\dimen256
\pgf@xy=\dimen257
\pgf@yx=\dimen258
\pgf@yy=\dimen259
\pgf@zx=\dimen260
\pgf@zy=\dimen261
)
(C:\miktex-portable\texmfs\install\tex/generic/pgf/basiclayer\pgfcorepathconstruct.code.tex
File: pgfcorepathconstruct.code.tex 2020/01/08 v3.1.5b (3.1.5b)
\pgf@path@lastx=\dimen262
\pgf@path@lasty=\dimen263
)
(C:\miktex-portable\texmfs\install\tex/generic/pgf/basiclayer\pgfcorepathusage.code.tex
File: pgfcorepathusage.code.tex 2020/01/08 v3.1.5b (3.1.5b)
\pgf@shorten@end@additional=\dimen264
\pgf@shorten@start@additional=\dimen265
)
(C:\miktex-portable\texmfs\install\tex/generic/pgf/basiclayer\pgfcorescopes.code.tex
File: pgfcorescopes.code.tex 2020/01/08 v3.1.5b (3.1.5b)
\pgfpic=\box59
\pgf@hbox=\box60
\pgf@layerbox@main=\box61
\pgf@picture@serial@count=\count297
)
(C:\miktex-portable\texmfs\install\tex/generic/pgf/basiclayer\pgfcoregraphicstate.code.tex
File: pgfcoregraphicstate.code.tex 2020/01/08 v3.1.5b (3.1.5b)
\pgflinewidth=\dimen266
)
(C:\miktex-portable\texmfs\install\tex/generic/pgf/basiclayer\pgfcoretransformations.code.tex
File: pgfcoretransformations.code.tex 2020/01/08 v3.1.5b (3.1.5b)
\pgf@pt@x=\dimen267
\pgf@pt@y=\dimen268
\pgf@pt@temp=\dimen269
)
(C:\miktex-portable\texmfs\install\tex/generic/pgf/basiclayer\pgfcorequick.code.tex
File: pgfcorequick.code.tex 2020/01/08 v3.1.5b (3.1.5b)
)
(C:\miktex-portable\texmfs\install\tex/generic/pgf/basiclayer\pgfcoreobjects.code.tex
File: pgfcoreobjects.code.tex 2020/01/08 v3.1.5b (3.1.5b)
)
(C:\miktex-portable\texmfs\install\tex/generic/pgf/basiclayer\pgfcorepathprocessing.code.tex
File: pgfcorepathprocessing.code.tex 2020/01/08 v3.1.5b (3.1.5b)
)
(C:\miktex-portable\texmfs\install\tex/generic/pgf/basiclayer\pgfcorearrows.code.tex
File: pgfcorearrows.code.tex 2020/01/08 v3.1.5b (3.1.5b)
\pgfarrowsep=\dimen270
)
(C:\miktex-portable\texmfs\install\tex/generic/pgf/basiclayer\pgfcoreshade.code.tex
File: pgfcoreshade.code.tex 2020/01/08 v3.1.5b (3.1.5b)
\pgf@max=\dimen271
\pgf@sys@shading@range@num=\count298
\pgf@shadingcount=\count299
)
(C:\miktex-portable\texmfs\install\tex/generic/pgf/basiclayer\pgfcoreimage.code.tex
File: pgfcoreimage.code.tex 2020/01/08 v3.1.5b (3.1.5b)

(C:\miktex-portable\texmfs\install\tex/generic/pgf/basiclayer\pgfcoreexternal.code.tex
File: pgfcoreexternal.code.tex 2020/01/08 v3.1.5b (3.1.5b)
\pgfexternal@startupbox=\box62
))
(C:\miktex-portable\texmfs\install\tex/generic/pgf/basiclayer\pgfcorelayers.code.tex
File: pgfcorelayers.code.tex 2020/01/08 v3.1.5b (3.1.5b)
)
(C:\miktex-portable\texmfs\install\tex/generic/pgf/basiclayer\pgfcoretransparency.code.tex
File: pgfcoretransparency.code.tex 2020/01/08 v3.1.5b (3.1.5b)
)
(C:\miktex-portable\texmfs\install\tex/generic/pgf/basiclayer\pgfcorepatterns.code.tex
File: pgfcorepatterns.code.tex 2020/01/08 v3.1.5b (3.1.5b)
)
(C:\miktex-portable\texmfs\install\tex/generic/pgf/basiclayer\pgfcorerdf.code.tex
File: pgfcorerdf.code.tex 2020/01/08 v3.1.5b (3.1.5b)
)))
(C:\miktex-portable\texmfs\install\tex/generic/pgf/modules\pgfmoduleshapes.code.tex
File: pgfmoduleshapes.code.tex 2020/01/08 v3.1.5b (3.1.5b)
\pgfnodeparttextbox=\box63
)
(C:\miktex-portable\texmfs\install\tex/generic/pgf/modules\pgfmoduleplot.code.tex
File: pgfmoduleplot.code.tex 2020/01/08 v3.1.5b (3.1.5b)
)
(C:\miktex-portable\texmfs\install\tex/latex/pgf/compatibility\pgfcomp-version-0-65.sty
Package: pgfcomp-version-0-65 2020/01/08 v3.1.5b (3.1.5b)
\pgf@nodesepstart=\dimen272
\pgf@nodesepend=\dimen273
)
(C:\miktex-portable\texmfs\install\tex/latex/pgf/compatibility\pgfcomp-version-1-18.sty
Package: pgfcomp-version-1-18 2020/01/08 v3.1.5b (3.1.5b)
))
(C:\miktex-portable\texmfs\install\tex/latex/pgf/utilities\pgffor.sty
(C:\miktex-portable\texmfs\install\tex/latex/pgf/utilities\pgfkeys.sty
(C:\miktex-portable\texmfs\install\tex/generic/pgf/utilities\pgfkeys.code.tex))
(C:\miktex-portable\texmfs\install\tex/latex/pgf/math\pgfmath.sty
(C:\miktex-portable\texmfs\install\tex/generic/pgf/math\pgfmath.code.tex))
(C:\miktex-portable\texmfs\install\tex/generic/pgf/utilities\pgffor.code.tex
Package: pgffor 2020/01/08 v3.1.5b (3.1.5b)

(C:\miktex-portable\texmfs\install\tex/generic/pgf/math\pgfmath.code.tex)
\pgffor@iter=\dimen274
\pgffor@skip=\dimen275
\pgffor@stack=\toks42
\pgffor@toks=\toks43
))
(C:\miktex-portable\texmfs\install\tex/generic/pgf/frontendlayer/tikz\tikz.code.tex
Package: tikz 2020/01/08 v3.1.5b (3.1.5b)

(C:\miktex-portable\texmfs\install\tex/generic/pgf/libraries\pgflibraryplothandlers.code.tex
File: pgflibraryplothandlers.code.tex 2020/01/08 v3.1.5b (3.1.5b)
\pgf@plot@mark@count=\count300
\pgfplotmarksize=\dimen276
)
\tikz@lastx=\dimen277
\tikz@lasty=\dimen278
\tikz@lastxsaved=\dimen279
\tikz@lastysaved=\dimen280
\tikz@lastmovetox=\dimen281
\tikz@lastmovetoy=\dimen282
\tikzleveldistance=\dimen283
\tikzsiblingdistance=\dimen284
\tikz@figbox=\box64
\tikz@figbox@bg=\box65
\tikz@tempbox=\box66
\tikz@tempbox@bg=\box67
\tikztreelevel=\count301
\tikznumberofchildren=\count302
\tikznumberofcurrentchild=\count303
\tikz@fig@count=\count304

(C:\miktex-portable\texmfs\install\tex/generic/pgf/modules\pgfmodulematrix.code.tex
File: pgfmodulematrix.code.tex 2020/01/08 v3.1.5b (3.1.5b)
\pgfmatrixcurrentrow=\count305
\pgfmatrixcurrentcolumn=\count306
\pgf@matrix@numberofcolumns=\count307
)
\tikz@expandcount=\count308

(C:\miktex-portable\texmfs\install\tex/generic/pgf/frontendlayer/tikz/libraries\tikzlibrarytopaths.code.tex
File: tikzlibrarytopaths.code.tex 2020/01/08 v3.1.5b (3.1.5b)
)))
(C:\miktex-portable\texmfs\install\tex/latex/appendix\appendix.sty
Package: appendix 2020/02/08 v1.2c extra appendix facilities
\c@@pps=\count309
\c@@ppsavesec=\count310
\c@@ppsaveapp=\count311
)
(C:\miktex-portable\texmfs\install\tex/latex/glossaries/base\glossaries.sty
Package: glossaries 2020/03/19 v4.46 (NLCT)

(C:\miktex-portable\texmfs\install\tex/latex/base\ifthen.sty
Package: ifthen 2014/09/29 v1.1c Standard LaTeX ifthen package (DPC)
)
(C:\miktex-portable\texmfs\install\tex/latex/xkeyval\xkeyval.sty
Package: xkeyval 2014/12/03 v2.7a package option processing (HA)

(C:\miktex-portable\texmfs\install\tex/generic/xkeyval\xkeyval.tex
(C:\miktex-portable\texmfs\install\tex/generic/xkeyval\xkvutils.tex
\XKV@toks=\toks44
\XKV@tempa@toks=\toks45
)
\XKV@depth=\count312
File: xkeyval.tex 2014/12/03 v2.7a key=value parser (HA)
))
(C:\miktex-portable\texmfs\install\tex/latex/mfirstuc\mfirstuc.sty
Package: mfirstuc 2017/11/14 v2.06 (NLCT)

(C:\miktex-portable\texmfs\install\tex/latex/etoolbox\etoolbox.sty
Package: etoolbox 2019/09/21 v2.5h e-TeX tools for LaTeX (JAW)
\etb@tempcnta=\count313
)
\@glsmfirst=\toks46
\@glsmrest=\toks47
)
(C:\miktex-portable\texmfs\install\tex/latex/textcase\textcase.sty
Package: textcase 2019/09/14 v1.00 Text only upper/lower case changing (DPC)
)
(C:\miktex-portable\texmfs\install\tex/latex/xfor\xfor.sty
Package: xfor 2009/02/05 v1.05 (NLCT)
)
(C:\miktex-portable\texmfs\install\tex/latex/datatool\datatool-base.sty
Package: datatool-base 2019/09/27 v2.32 (NLCT)

(C:\miktex-portable\texmfs\install\tex/latex/substr\substr.sty
Package: substr 2009/10/20 v1.2 Handle substrings
\c@su@anzahl=\count314
)
(C:\miktex-portable\texmfs\install\tex/latex/datatool\datatool-fp.sty
Package: datatool-fp 2019/09/27 v2.32 (NLCT)

(C:\miktex-portable\texmfs\install\tex/latex/fp\fp.sty
Package: fp 1995/04/02

`Fixed Point Package', Version 0.8, April 2, 1995 (C) Michael Mehlich
(C:\miktex-portable\texmfs\install\tex/latex/fp\defpattern.sty
Package: defpattern 1994/10/12
\actioncount=\count315
)
(C:\miktex-portable\texmfs\install\tex/latex/fp\fp-basic.sty
Package: fp-basic 1996/05/13
\FP@xs=\count316
\FP@xia=\count317
\FP@xib=\count318
\FP@xfa=\count319
\FP@xfb=\count320
\FP@rega=\count321
\FP@regb=\count322
\FP@regs=\count323
\FP@times=\count324
)
(C:\miktex-portable\texmfs\install\tex/latex/fp\fp-addons.sty
Package: fp-addons 1995/03/15
)
(C:\miktex-portable\texmfs\install\tex/latex/fp\fp-snap.sty
Package: fp-snap 1995/04/05
) (C:\miktex-portable\texmfs\install\tex/latex/fp\fp-exp.sty
Package: fp-exp 1995/04/03
) (C:\miktex-portable\texmfs\install\tex/latex/fp\fp-trigo.sty
Package: fp-trigo 1995/04/14
)
(C:\miktex-portable\texmfs\install\tex/latex/fp\fp-pas.sty
Package: fp-pas 1994/08/29
)
(C:\miktex-portable\texmfs\install\tex/latex/fp\fp-random.sty
Package: fp-random 1995/02/23
\FPseed=\count325
)
(C:\miktex-portable\texmfs\install\tex/latex/fp\fp-eqn.sty
Package: fp-eqn 1995/04/03
) (C:\miktex-portable\texmfs\install\tex/latex/fp\fp-upn.sty
Package: fp-upn 1996/10/21
)
(C:\miktex-portable\texmfs\install\tex/latex/fp\fp-eval.sty
Package: fp-eval 1995/04/03
)))
\@dtl@toks=\toks48
\@dtl@tmpcount=\count326
\dtl@tmplength=\skip62
\dtl@sortresult=\count327
\@dtl@numgrpsepcount=\count328
\@dtl@datatype=\count329
\dtl@codeA=\count330
\dtl@codeB=\count331
\@dtl@foreach@level=\count332
)
(C:\miktex-portable\texmfs\install\tex/latex/glossaries/base\glossaries-compatible-307.sty
Package: glossaries-compatible-307 2020/03/19 v4.46 (NLCT)
)
\gls@level=\count333
\@gls@tmpb=\toks49
\gls@tmplen=\skip63
\glskeylisttok=\toks50
\glslabeltok=\toks51
\glsshorttok=\toks52
\glslongtok=\toks53

(C:\miktex-portable\texmfs\install\tex/latex/glossaries/styles\glossary-hypernav.sty
Package: glossary-hypernav 2020/03/19 v4.46 (NLCT)
)
(C:\miktex-portable\texmfs\install\tex/latex/glossaries/styles\glossary-list.sty
Package: glossary-list 2020/03/19 v4.46 (NLCT)
\glslistdottedwidth=\skip64
)
(C:\miktex-portable\texmfs\install\tex/latex/glossaries/styles\glossary-long.sty
Package: glossary-long 2020/03/19 v4.46 (NLCT)
\glsdescwidth=\skip65
\glspagelistwidth=\skip66
)
(C:\miktex-portable\texmfs\install\tex/latex/glossaries/styles\glossary-super.sty
Package: glossary-super 2020/03/19 v4.46 (NLCT)

(C:\miktex-portable\texmfs\install\tex/latex/supertabular\supertabular.sty
Package: supertabular 2020/02/02 v4.1g the supertabular environment
\c@tracingst=\count334
\ST@wd=\dimen285
\ST@rightskip=\skip67
\ST@leftskip=\skip68
\ST@parfillskip=\skip69
\ST@pageleft=\dimen286
\ST@headht=\dimen287
\ST@tailht=\dimen288
\ST@pagesofar=\dimen289
\ST@pboxht=\dimen290
\ST@lineht=\dimen291
\ST@prevht=\dimen292
\ST@toadd=\dimen293
\ST@dimen=\dimen294
\ST@pbox=\box68
))
(C:\miktex-portable\texmfs\install\tex/latex/glossaries/styles\glossary-tree.sty
Package: glossary-tree 2020/03/19 v4.46 (NLCT)
\glstreeindent=\skip70
))
(C:\miktex-portable\texmfs\install\tex/latex/l3backend\l3backend-pdfmode.def
File: l3backend-pdfmode.def 2020-06-29 L3 backend support: PDF mode
\l__kernel_color_stack_int=\count335
\l__pdf_internal_box=\box69
) (ES1_2019_09_qclog.aux)
\openout1 = `ES1_2019_09_qclog.aux'.

LaTeX Font Info:    Checking defaults for OML/cmm/m/it on input line 64.
LaTeX Font Info:    ... okay on input line 64.
LaTeX Font Info:    Checking defaults for OMS/cmsy/m/n on input line 64.
LaTeX Font Info:    ... okay on input line 64.
LaTeX Font Info:    Checking defaults for OT1/cmr/m/n on input line 64.
LaTeX Font Info:    ... okay on input line 64.
LaTeX Font Info:    Checking defaults for T1/cmr/m/n on input line 64.
LaTeX Font Info:    ... okay on input line 64.
LaTeX Font Info:    Checking defaults for TS1/cmr/m/n on input line 64.
LaTeX Font Info:    ... okay on input line 64.
LaTeX Font Info:    Checking defaults for OMX/cmex/m/n on input line 64.
LaTeX Font Info:    ... okay on input line 64.
LaTeX Font Info:    Checking defaults for U/cmr/m/n on input line 64.
LaTeX Font Info:    ... okay on input line 64.
LaTeX Font Info:    Checking defaults for PD1/pdf/m/n on input line 64.
LaTeX Font Info:    ... okay on input line 64.

*geometry* driver: auto-detecting
*geometry* detected driver: pdftex
*geometry* verbose mode - [ preamble ] result:
* driver: pdftex
* paper: a4paper
* layout: <same size as paper>
* layoutoffset:(h,v)=(0.0pt,0.0pt)
* modes: 
* h-part:(L,W,R)=(89.62709pt, 418.25368pt, 89.6271pt)
* v-part:(T,H,B)=(101.40665pt, 591.5302pt, 152.11pt)
* \paperwidth=597.50787pt
* \paperheight=845.04684pt
* \textwidth=418.25368pt
* \textheight=591.5302pt
* \oddsidemargin=17.3571pt
* \evensidemargin=17.3571pt
* \topmargin=-7.86334pt
* \headheight=12.0pt
* \headsep=25.0pt
* \topskip=12.0pt
* \footskip=30.0pt
* \marginparwidth=44.0pt
* \marginparsep=10.0pt
* \columnsep=10.0pt
* \skip\footins=10.8pt plus 4.0pt minus 2.0pt
* \hoffset=0.0pt
* \voffset=0.0pt
* \mag=1000
* \@twocolumnfalse
* \@twosidefalse
* \@mparswitchfalse
* \@reversemarginfalse
* (1in=72.27pt=25.4mm, 1cm=28.453pt)

(C:\miktex-portable\texmfs\install\tex/context/base/mkii\supp-pdf.mkii
[Loading MPS to PDF converter (version 2006.09.02).]
\scratchcounter=\count336
\scratchdimen=\dimen295
\scratchbox=\box70
\nofMPsegments=\count337
\nofMParguments=\count338
\everyMPshowfont=\toks54
\MPscratchCnt=\count339
\MPscratchDim=\dimen296
\MPnumerator=\count340
\makeMPintoPDFobject=\count341
\everyMPtoPDFconversion=\toks55
) (C:\miktex-portable\texmfs\install\tex/latex/epstopdf-pkg\epstopdf-base.sty
Package: epstopdf-base 2020-01-24 v2.11 Base part for package epstopdf
Package epstopdf-base Info: Redefining graphics rule for `.eps' on input line 485.
)
Package caption Info: Begin \AtBeginDocument code.
Package caption Info: float package is loaded.
Package caption Info: hyperref package is loaded.
Package caption Info: listings package is loaded.
Package caption Info: supertabular package is loaded.
Package caption Info: End \AtBeginDocument code.
\c@lstlisting=\count342
\AtBeginShipoutBox=\box71
Package hyperref Info: Link coloring OFF on input line 64.

(C:\miktex-portable\texmfs\install\tex/latex/hyperref\nameref.sty
Package: nameref 2019/09/16 v2.46 Cross-referencing by name of section

(C:\miktex-portable\texmfs\install\tex/latex/refcount\refcount.sty
Package: refcount 2019/12/15 v3.6 Data extraction from label references (HO)
)
(C:\miktex-portable\texmfs\install\tex/generic/gettitlestring\gettitlestring.sty
Package: gettitlestring 2019/12/15 v1.6 Cleanup title references (HO)
)
\c@section@level=\count343
)
LaTeX Info: Redefining \ref on input line 64.
LaTeX Info: Redefining \pageref on input line 64.
LaTeX Info: Redefining \nameref on input line 64.
 (ES1_2019_09_qclog.out)
(ES1_2019_09_qclog.out)
\@outlinefile=\write4
\openout4 = `ES1_2019_09_qclog.out'.

Package hyperref Info: Anchor `Doc-Start' on input line 64.
 ABD: EveryShipout initializing macros
LaTeX Font Info:    External font `cmex10' loaded for size
(Font)              <14.4> on input line 65.
LaTeX Font Info:    External font `cmex10' loaded for size
(Font)              <7> on input line 65.
Package hyperref Info: Anchor `page.1' on input line 65.
 [1

{C:/miktex-portable/texmfs/data/pdftex/config/pdftex.map}]
Package hyperref Info: Anchor `chapter*.1' on input line 67.


Package glossaries Warning: No \printnoidxglossary or \printnoidxglossaries
 found. (Remove \makenoidxglossaries if you don't want any glossaries.)
This document will not have a glossary.


Overfull \hbox (2.25468pt too wide) in paragraph at lines 69--88
\T1/cmr/m/n/12 Zusammenfassung des Qual-ity Checks für die Sta-tion ES1 ;Aus-bringung im 09/2019 
 []


Underfull \hbox (badness 10000) in paragraph at lines 69--88

 []


Underfull \hbox (badness 10000) in paragraph at lines 69--88

 []


Underfull \hbox (badness 10000) in paragraph at lines 69--88

 []

Package hyperref Info: Anchor `page.1' on input line 88.
pdfTeX warning (ext4): destination with the same identifier (name{page.1}) has been already used, duplicate ignored
<to be read again> 
                   \relax 
l.88 \end{document}
                    [1

]
Package atveryend Info: Empty hook `BeforeClearDocument' on input line 88.
Package atveryend Info: Empty hook `AfterLastShipout' on input line 88.
 (ES1_2019_09_qclog.aux)
Package atveryend Info: Executing hook `AtVeryEndDocument' on input line 88.
Package atveryend Info: Executing hook `AtEndAfterFileList' on input line 88.
Package rerunfilecheck Info: File `ES1_2019_09_qclog.out' has not changed.
(rerunfilecheck)             Checksum: D41D8CD98F00B204E9800998ECF8427E;0.
Package atveryend Info: Empty hook `AtVeryVeryEnd' on input line 88.
 ) 
Here is how much of TeX's memory you used:
 23769 strings out of 480790
 426996 string characters out of 2902443
 729973 words of memory out of 3000000
 39282 multiletter control sequences out of 15000+200000
 537399 words of font info for 33 fonts, out of 3000000 for 9000
 1141 hyphenation exceptions out of 8191
 60i,7n,60p,1078b,344s stack positions out of 5000i,500n,10000p,200000b,50000s
 <C:\miktex-portable\texmfs/data\fonts/pk/ljfour/jknappen/ec/dpi600\ecrm1200.pk> <C:\miktex-portable\texmfs/data\fonts
/pk/ljfour/jknappen/ec/dpi600\ecbx2488.pk> <C:\miktex-portable\texmfs/data\fonts/pk/ljfour/jknappen/ec/dpi600\ecrm1440.p
k> <C:\miktex-portable\texmfs/data\fonts/pk/ljfour/jknappen/ec/dpi600\ecrm2074.pk>
Output written on ES1_2019_09_qclog.pdf (2 pages, 44162 bytes).
PDF statistics:
 138 PDF objects out of 1000 (max. 8388607)
 3 named destinations out of 1000 (max. 500000)
 13 words of extra memory for PDF output out of 10000 (max. 10000000)

