This is pdfTeX, Version 3.141592653-2.6-1.40.22 (MiKTeX 21.6 Portable) (preloaded format=pdflatex 2021.6.25)  28 JUN 2021 07:13
entering extended mode
**X:/Meereskunde/Unterwasserschall/AMSO23/NORDSEE/ES1/QC/Logs/ES1_2020_03_qclog.tex
(X:/Meereskunde/Unterwasserschall/AMSO23/NORDSEE/ES1/QC/Logs/ES1_2020_03_qclog.tex
LaTeX2e <2021-06-01> patch level 1
L3 programming layer <2021-06-18> (C:\miktex-portable\texmfs\install\tex/latex/base\article.cls
Document Class: article 2021/02/12 v1.4n Standard LaTeX document class
(C:\miktex-portable\texmfs\install\tex/latex/base\size10.clo
File: size10.clo 2021/02/12 v1.4n Standard LaTeX file (size option)
)
\c@part=\count182
\c@section=\count183
\c@subsection=\count184
\c@subsubsection=\count185
\c@paragraph=\count186
\c@subparagraph=\count187
\c@figure=\count188
\c@table=\count189
\abovecaptionskip=\skip47
\belowcaptionskip=\skip48
\bibindent=\dimen138
)
(C:\miktex-portable\texmfs\install\tex/latex/base\inputenc.sty
Package: inputenc 2021/02/14 v1.3d Input encoding file
\inpenc@prehook=\toks16
\inpenc@posthook=\toks17
)
(C:\miktex-portable\texmfs\install\tex/latex/base\fontenc.sty
Package: fontenc 2021/04/29 v2.0v Standard LaTeX package
)
(C:\miktex-portable\texmfs\install\tex/latex/graphics\graphicx.sty
Package: graphicx 2020/12/05 v1.2c Enhanced LaTeX Graphics (DPC,SPQR)

(C:\miktex-portable\texmfs\install\tex/latex/graphics\keyval.sty
Package: keyval 2014/10/28 v1.15 key=value parser (DPC)
\KV@toks@=\toks18
)
(C:\miktex-portable\texmfs\install\tex/latex/graphics\graphics.sty
Package: graphics 2021/03/04 v1.4d Standard LaTeX Graphics (DPC,SPQR)

(C:\miktex-portable\texmfs\install\tex/latex/graphics\trig.sty
Package: trig 2016/01/03 v1.10 sin cos tan (DPC)
)
(C:\miktex-portable\texmfs\install\tex/latex/graphics-cfg\graphics.cfg
File: graphics.cfg 2016/06/04 v1.11 sample graphics configuration
)
Package graphics Info: Driver file: pdftex.def on input line 107.

(C:\miktex-portable\texmfs\install\tex/latex/graphics-def\pdftex.def
File: pdftex.def 2020/10/05 v1.2a Graphics/color driver for pdftex
))
\Gin@req@height=\dimen139
\Gin@req@width=\dimen140
)
(C:\miktex-portable\texmfs\install\tex/latex/fancyhdr\fancyhdr.sty
Package: fancyhdr 2021/01/28 v4.0.1 Extensive control of page headers and footers
\f@nch@headwidth=\skip49
\f@nch@O@elh=\skip50
\f@nch@O@erh=\skip51
\f@nch@O@olh=\skip52
\f@nch@O@orh=\skip53
\f@nch@O@elf=\skip54
\f@nch@O@erf=\skip55
\f@nch@O@olf=\skip56
\f@nch@O@orf=\skip57
)
(C:\miktex-portable\texmfs\install\tex/latex/tools\array.sty
Package: array 2021/04/20 v2.5e Tabular extension package (FMi)
\col@sep=\dimen141
\ar@mcellbox=\box50
\extrarowheight=\dimen142
\NC@list=\toks19
\extratabsurround=\skip58
\backup@length=\skip59
\ar@cellbox=\box51
)
(C:\miktex-portable\texmfs\install\tex/latex/geometry\geometry.sty
Package: geometry 2020/01/02 v5.9 Page Geometry

(C:\miktex-portable\texmfs\install\tex/generic/iftex\ifvtex.sty
Package: ifvtex 2019/10/25 v1.7 ifvtex legacy package. Use iftex instead.

(C:\miktex-portable\texmfs\install\tex/generic/iftex\iftex.sty
Package: iftex 2020/03/06 v1.0d TeX engine tests
))
\Gm@cnth=\count190
\Gm@cntv=\count191
\c@Gm@tempcnt=\count192
\Gm@bindingoffset=\dimen143
\Gm@wd@mp=\dimen144
\Gm@odd@mp=\dimen145
\Gm@even@mp=\dimen146
\Gm@layoutwidth=\dimen147
\Gm@layoutheight=\dimen148
\Gm@layouthoffset=\dimen149
\Gm@layoutvoffset=\dimen150
\Gm@dimlist=\toks20

(C:\miktex-portable\texmfs\install\tex/latex/geometry\geometry.cfg))
(C:\miktex-portable\texmfs\install\tex/latex/parskip\parskip.sty
Package: parskip 2021-03-14 v2.0h non-zero parskip adjustments

(C:\miktex-portable\texmfs\install\tex/latex/kvoptions\kvoptions.sty
Package: kvoptions 2020-10-07 v3.14 Key value format for package options (HO)

(C:\miktex-portable\texmfs\install\tex/generic/ltxcmds\ltxcmds.sty
Package: ltxcmds 2020-05-10 v1.25 LaTeX kernel commands for general use (HO)
)
(C:\miktex-portable\texmfs\install\tex/generic/kvsetkeys\kvsetkeys.sty
Package: kvsetkeys 2019/12/15 v1.18 Key value parser (HO)
))
(C:\miktex-portable\texmfs\install\tex/latex/etoolbox\etoolbox.sty
Package: etoolbox 2020/10/05 v2.5k e-TeX tools for LaTeX (JAW)
\etb@tempcnta=\count193
))
(C:\miktex-portable\texmfs\install\tex/latex/tools\tabularx.sty
Package: tabularx 2020/01/15 v2.11c `tabularx' package (DPC)
\TX@col@width=\dimen151
\TX@old@table=\dimen152
\TX@old@col=\dimen153
\TX@target=\dimen154
\TX@delta=\dimen155
\TX@cols=\count194
\TX@ftn=\toks21
)
(C:\miktex-portable\texmfs\install\tex/latex/titlesec\titlesec.sty
Package: titlesec 2019/10/16 v2.13 Sectioning titles
\ttl@box=\box52
\beforetitleunit=\skip60
\aftertitleunit=\skip61
\ttl@plus=\dimen156
\ttl@minus=\dimen157
\ttl@toksa=\toks22
\titlewidth=\dimen158
\titlewidthlast=\dimen159
\titlewidthfirst=\dimen160
)
(C:\miktex-portable\texmfs\install\tex/latex/float\float.sty
Package: float 2001/11/08 v1.3d Float enhancements (AL)
\c@float@type=\count195
\float@exts=\toks23
\float@box=\box53
\@float@everytoks=\toks24
\@floatcapt=\box54
)
(C:\miktex-portable\texmfs\install\tex/latex/lm\lmodern.sty
Package: lmodern 2009/10/30 v1.6 Latin Modern Fonts
LaTeX Font Info:    Overwriting symbol font `operators' in version `normal'
(Font)                  OT1/cmr/m/n --> OT1/lmr/m/n on input line 22.
LaTeX Font Info:    Overwriting symbol font `letters' in version `normal'
(Font)                  OML/cmm/m/it --> OML/lmm/m/it on input line 23.
LaTeX Font Info:    Overwriting symbol font `symbols' in version `normal'
(Font)                  OMS/cmsy/m/n --> OMS/lmsy/m/n on input line 24.
LaTeX Font Info:    Overwriting symbol font `largesymbols' in version `normal'
(Font)                  OMX/cmex/m/n --> OMX/lmex/m/n on input line 25.
LaTeX Font Info:    Overwriting symbol font `operators' in version `bold'
(Font)                  OT1/cmr/bx/n --> OT1/lmr/bx/n on input line 26.
LaTeX Font Info:    Overwriting symbol font `letters' in version `bold'
(Font)                  OML/cmm/b/it --> OML/lmm/b/it on input line 27.
LaTeX Font Info:    Overwriting symbol font `symbols' in version `bold'
(Font)                  OMS/cmsy/b/n --> OMS/lmsy/b/n on input line 28.
LaTeX Font Info:    Overwriting symbol font `largesymbols' in version `bold'
(Font)                  OMX/cmex/m/n --> OMX/lmex/m/n on input line 29.
LaTeX Font Info:    Overwriting math alphabet `\mathbf' in version `normal'
(Font)                  OT1/cmr/bx/n --> OT1/lmr/bx/n on input line 31.
LaTeX Font Info:    Overwriting math alphabet `\mathsf' in version `normal'
(Font)                  OT1/cmss/m/n --> OT1/lmss/m/n on input line 32.
LaTeX Font Info:    Overwriting math alphabet `\mathit' in version `normal'
(Font)                  OT1/cmr/m/it --> OT1/lmr/m/it on input line 33.
LaTeX Font Info:    Overwriting math alphabet `\mathtt' in version `normal'
(Font)                  OT1/cmtt/m/n --> OT1/lmtt/m/n on input line 34.
LaTeX Font Info:    Overwriting math alphabet `\mathbf' in version `bold'
(Font)                  OT1/cmr/bx/n --> OT1/lmr/bx/n on input line 35.
LaTeX Font Info:    Overwriting math alphabet `\mathsf' in version `bold'
(Font)                  OT1/cmss/bx/n --> OT1/lmss/bx/n on input line 36.
LaTeX Font Info:    Overwriting math alphabet `\mathit' in version `bold'
(Font)                  OT1/cmr/bx/it --> OT1/lmr/bx/it on input line 37.
LaTeX Font Info:    Overwriting math alphabet `\mathtt' in version `bold'
(Font)                  OT1/cmtt/m/n --> OT1/lmtt/m/n on input line 38.
)
(C:\miktex-portable\texmfs\install\tex/latex/pgf/frontendlayer\tikz.sty
(C:\miktex-portable\texmfs\install\tex/latex/pgf/basiclayer\pgf.sty
(C:\miktex-portable\texmfs\install\tex/latex/pgf/utilities\pgfrcs.sty
(C:\miktex-portable\texmfs\install\tex/generic/pgf/utilities\pgfutil-common.tex
\pgfutil@everybye=\toks25
\pgfutil@tempdima=\dimen161
\pgfutil@tempdimb=\dimen162

(C:\miktex-portable\texmfs\install\tex/generic/pgf/utilities\pgfutil-common-lists.tex))
(C:\miktex-portable\texmfs\install\tex/generic/pgf/utilities\pgfutil-latex.def
\pgfutil@abb=\box55
)
(C:\miktex-portable\texmfs\install\tex/generic/pgf/utilities\pgfrcs.code.tex
(C:\miktex-portable\texmfs\install\tex/generic/pgf\pgf.revision.tex)
Package: pgfrcs 2021/05/15 v3.1.9a (3.1.9a)
))
Package: pgf 2021/05/15 v3.1.9a (3.1.9a)

(C:\miktex-portable\texmfs\install\tex/latex/pgf/basiclayer\pgfcore.sty
(C:\miktex-portable\texmfs\install\tex/latex/pgf/systemlayer\pgfsys.sty
(C:\miktex-portable\texmfs\install\tex/generic/pgf/systemlayer\pgfsys.code.tex
Package: pgfsys 2021/05/15 v3.1.9a (3.1.9a)

(C:\miktex-portable\texmfs\install\tex/generic/pgf/utilities\pgfkeys.code.tex
\pgfkeys@pathtoks=\toks26
\pgfkeys@temptoks=\toks27

(C:\miktex-portable\texmfs\install\tex/generic/pgf/utilities\pgfkeysfiltered.code.tex
\pgfkeys@tmptoks=\toks28
))
\pgf@x=\dimen163
\pgf@y=\dimen164
\pgf@xa=\dimen165
\pgf@ya=\dimen166
\pgf@xb=\dimen167
\pgf@yb=\dimen168
\pgf@xc=\dimen169
\pgf@yc=\dimen170
\pgf@xd=\dimen171
\pgf@yd=\dimen172
\w@pgf@writea=\write3
\r@pgf@reada=\read2
\c@pgf@counta=\count196
\c@pgf@countb=\count197
\c@pgf@countc=\count198
\c@pgf@countd=\count199
\t@pgf@toka=\toks29
\t@pgf@tokb=\toks30
\t@pgf@tokc=\toks31
\pgf@sys@id@count=\count266

(C:\miktex-portable\texmfs\install\tex/generic/pgf/systemlayer\pgf.cfg
File: pgf.cfg 2021/05/15 v3.1.9a (3.1.9a)
)
Driver file for pgf: pgfsys-pdftex.def

(C:\miktex-portable\texmfs\install\tex/generic/pgf/systemlayer\pgfsys-pdftex.def
File: pgfsys-pdftex.def 2021/05/15 v3.1.9a (3.1.9a)

(C:\miktex-portable\texmfs\install\tex/generic/pgf/systemlayer\pgfsys-common-pdf.def
File: pgfsys-common-pdf.def 2021/05/15 v3.1.9a (3.1.9a)
)))
(C:\miktex-portable\texmfs\install\tex/generic/pgf/systemlayer\pgfsyssoftpath.code.tex
File: pgfsyssoftpath.code.tex 2021/05/15 v3.1.9a (3.1.9a)
\pgfsyssoftpath@smallbuffer@items=\count267
\pgfsyssoftpath@bigbuffer@items=\count268
)
(C:\miktex-portable\texmfs\install\tex/generic/pgf/systemlayer\pgfsysprotocol.code.tex
File: pgfsysprotocol.code.tex 2021/05/15 v3.1.9a (3.1.9a)
))
(C:\miktex-portable\texmfs\install\tex/latex/xcolor\xcolor.sty
Package: xcolor 2016/05/11 v2.12 LaTeX color extensions (UK)

(C:\miktex-portable\texmfs\install\tex/latex/graphics-cfg\color.cfg
File: color.cfg 2016/01/02 v1.6 sample color configuration
)
Package xcolor Info: Driver file: pdftex.def on input line 225.
Package xcolor Info: Model `cmy' substituted by `cmy0' on input line 1348.
Package xcolor Info: Model `hsb' substituted by `rgb' on input line 1352.
Package xcolor Info: Model `RGB' extended on input line 1364.
Package xcolor Info: Model `HTML' substituted by `rgb' on input line 1366.
Package xcolor Info: Model `Hsb' substituted by `hsb' on input line 1367.
Package xcolor Info: Model `tHsb' substituted by `hsb' on input line 1368.
Package xcolor Info: Model `HSB' substituted by `hsb' on input line 1369.
Package xcolor Info: Model `Gray' substituted by `gray' on input line 1370.
Package xcolor Info: Model `wave' substituted by `hsb' on input line 1371.
)
(C:\miktex-portable\texmfs\install\tex/generic/pgf/basiclayer\pgfcore.code.tex
Package: pgfcore 2021/05/15 v3.1.9a (3.1.9a)

(C:\miktex-portable\texmfs\install\tex/generic/pgf/math\pgfmath.code.tex
(C:\miktex-portable\texmfs\install\tex/generic/pgf/math\pgfmathcalc.code.tex
(C:\miktex-portable\texmfs\install\tex/generic/pgf/math\pgfmathutil.code.tex)
(C:\miktex-portable\texmfs\install\tex/generic/pgf/math\pgfmathparser.code.tex
\pgfmath@dimen=\dimen173
\pgfmath@count=\count269
\pgfmath@box=\box56
\pgfmath@toks=\toks32
\pgfmath@stack@operand=\toks33
\pgfmath@stack@operation=\toks34
)
(C:\miktex-portable\texmfs\install\tex/generic/pgf/math\pgfmathfunctions.code.tex
(C:\miktex-portable\texmfs\install\tex/generic/pgf/math\pgfmathfunctions.basic.code.tex)
(C:\miktex-portable\texmfs\install\tex/generic/pgf/math\pgfmathfunctions.trigonometric.code.tex)
(C:\miktex-portable\texmfs\install\tex/generic/pgf/math\pgfmathfunctions.random.code.tex)
(C:\miktex-portable\texmfs\install\tex/generic/pgf/math\pgfmathfunctions.comparison.code.tex)
(C:\miktex-portable\texmfs\install\tex/generic/pgf/math\pgfmathfunctions.base.code.tex)
(C:\miktex-portable\texmfs\install\tex/generic/pgf/math\pgfmathfunctions.round.code.tex)
(C:\miktex-portable\texmfs\install\tex/generic/pgf/math\pgfmathfunctions.misc.code.tex)
(C:\miktex-portable\texmfs\install\tex/generic/pgf/math\pgfmathfunctions.integerarithmetics.code.tex)))
(C:\miktex-portable\texmfs\install\tex/generic/pgf/math\pgfmathfloat.code.tex
\c@pgfmathroundto@lastzeros=\count270
))
(C:\miktex-portable\texmfs\install\tex/generic/pgf/math\pgfint.code.tex)
(C:\miktex-portable\texmfs\install\tex/generic/pgf/basiclayer\pgfcorepoints.code.tex
File: pgfcorepoints.code.tex 2021/05/15 v3.1.9a (3.1.9a)
\pgf@picminx=\dimen174
\pgf@picmaxx=\dimen175
\pgf@picminy=\dimen176
\pgf@picmaxy=\dimen177
\pgf@pathminx=\dimen178
\pgf@pathmaxx=\dimen179
\pgf@pathminy=\dimen180
\pgf@pathmaxy=\dimen181
\pgf@xx=\dimen182
\pgf@xy=\dimen183
\pgf@yx=\dimen184
\pgf@yy=\dimen185
\pgf@zx=\dimen186
\pgf@zy=\dimen187
)
(C:\miktex-portable\texmfs\install\tex/generic/pgf/basiclayer\pgfcorepathconstruct.code.tex
File: pgfcorepathconstruct.code.tex 2021/05/15 v3.1.9a (3.1.9a)
\pgf@path@lastx=\dimen188
\pgf@path@lasty=\dimen189
)
(C:\miktex-portable\texmfs\install\tex/generic/pgf/basiclayer\pgfcorepathusage.code.tex
File: pgfcorepathusage.code.tex 2021/05/15 v3.1.9a (3.1.9a)
\pgf@shorten@end@additional=\dimen190
\pgf@shorten@start@additional=\dimen191
)
(C:\miktex-portable\texmfs\install\tex/generic/pgf/basiclayer\pgfcorescopes.code.tex
File: pgfcorescopes.code.tex 2021/05/15 v3.1.9a (3.1.9a)
\pgfpic=\box57
\pgf@hbox=\box58
\pgf@layerbox@main=\box59
\pgf@picture@serial@count=\count271
)
(C:\miktex-portable\texmfs\install\tex/generic/pgf/basiclayer\pgfcoregraphicstate.code.tex
File: pgfcoregraphicstate.code.tex 2021/05/15 v3.1.9a (3.1.9a)
\pgflinewidth=\dimen192
)
(C:\miktex-portable\texmfs\install\tex/generic/pgf/basiclayer\pgfcoretransformations.code.tex
File: pgfcoretransformations.code.tex 2021/05/15 v3.1.9a (3.1.9a)
\pgf@pt@x=\dimen193
\pgf@pt@y=\dimen194
\pgf@pt@temp=\dimen195
)
(C:\miktex-portable\texmfs\install\tex/generic/pgf/basiclayer\pgfcorequick.code.tex
File: pgfcorequick.code.tex 2021/05/15 v3.1.9a (3.1.9a)
)
(C:\miktex-portable\texmfs\install\tex/generic/pgf/basiclayer\pgfcoreobjects.code.tex
File: pgfcoreobjects.code.tex 2021/05/15 v3.1.9a (3.1.9a)
)
(C:\miktex-portable\texmfs\install\tex/generic/pgf/basiclayer\pgfcorepathprocessing.code.tex
File: pgfcorepathprocessing.code.tex 2021/05/15 v3.1.9a (3.1.9a)
)
(C:\miktex-portable\texmfs\install\tex/generic/pgf/basiclayer\pgfcorearrows.code.tex
File: pgfcorearrows.code.tex 2021/05/15 v3.1.9a (3.1.9a)
\pgfarrowsep=\dimen196
)
(C:\miktex-portable\texmfs\install\tex/generic/pgf/basiclayer\pgfcoreshade.code.tex
File: pgfcoreshade.code.tex 2021/05/15 v3.1.9a (3.1.9a)
\pgf@max=\dimen197
\pgf@sys@shading@range@num=\count272
\pgf@shadingcount=\count273
)
(C:\miktex-portable\texmfs\install\tex/generic/pgf/basiclayer\pgfcoreimage.code.tex
File: pgfcoreimage.code.tex 2021/05/15 v3.1.9a (3.1.9a)

(C:\miktex-portable\texmfs\install\tex/generic/pgf/basiclayer\pgfcoreexternal.code.tex
File: pgfcoreexternal.code.tex 2021/05/15 v3.1.9a (3.1.9a)
\pgfexternal@startupbox=\box60
))
(C:\miktex-portable\texmfs\install\tex/generic/pgf/basiclayer\pgfcorelayers.code.tex
File: pgfcorelayers.code.tex 2021/05/15 v3.1.9a (3.1.9a)
)
(C:\miktex-portable\texmfs\install\tex/generic/pgf/basiclayer\pgfcoretransparency.code.tex
File: pgfcoretransparency.code.tex 2021/05/15 v3.1.9a (3.1.9a)
)
(C:\miktex-portable\texmfs\install\tex/generic/pgf/basiclayer\pgfcorepatterns.code.tex
File: pgfcorepatterns.code.tex 2021/05/15 v3.1.9a (3.1.9a)
)
(C:\miktex-portable\texmfs\install\tex/generic/pgf/basiclayer\pgfcorerdf.code.tex
File: pgfcorerdf.code.tex 2021/05/15 v3.1.9a (3.1.9a)
)))
(C:\miktex-portable\texmfs\install\tex/generic/pgf/modules\pgfmoduleshapes.code.tex
File: pgfmoduleshapes.code.tex 2021/05/15 v3.1.9a (3.1.9a)
\pgfnodeparttextbox=\box61
)
(C:\miktex-portable\texmfs\install\tex/generic/pgf/modules\pgfmoduleplot.code.tex
File: pgfmoduleplot.code.tex 2021/05/15 v3.1.9a (3.1.9a)
)
(C:\miktex-portable\texmfs\install\tex/latex/pgf/compatibility\pgfcomp-version-0-65.sty
Package: pgfcomp-version-0-65 2021/05/15 v3.1.9a (3.1.9a)
\pgf@nodesepstart=\dimen198
\pgf@nodesepend=\dimen199
)
(C:\miktex-portable\texmfs\install\tex/latex/pgf/compatibility\pgfcomp-version-1-18.sty
Package: pgfcomp-version-1-18 2021/05/15 v3.1.9a (3.1.9a)
))
(C:\miktex-portable\texmfs\install\tex/latex/pgf/utilities\pgffor.sty
(C:\miktex-portable\texmfs\install\tex/latex/pgf/utilities\pgfkeys.sty
(C:\miktex-portable\texmfs\install\tex/generic/pgf/utilities\pgfkeys.code.tex))
(C:\miktex-portable\texmfs\install\tex/latex/pgf/math\pgfmath.sty
(C:\miktex-portable\texmfs\install\tex/generic/pgf/math\pgfmath.code.tex))
(C:\miktex-portable\texmfs\install\tex/generic/pgf/utilities\pgffor.code.tex
Package: pgffor 2021/05/15 v3.1.9a (3.1.9a)

(C:\miktex-portable\texmfs\install\tex/generic/pgf/math\pgfmath.code.tex)
\pgffor@iter=\dimen256
\pgffor@skip=\dimen257
\pgffor@stack=\toks35
\pgffor@toks=\toks36
))
(C:\miktex-portable\texmfs\install\tex/generic/pgf/frontendlayer/tikz\tikz.code.tex
Package: tikz 2021/05/15 v3.1.9a (3.1.9a)

(C:\miktex-portable\texmfs\install\tex/generic/pgf/libraries\pgflibraryplothandlers.code.tex
File: pgflibraryplothandlers.code.tex 2021/05/15 v3.1.9a (3.1.9a)
\pgf@plot@mark@count=\count274
\pgfplotmarksize=\dimen258
)
\tikz@lastx=\dimen259
\tikz@lasty=\dimen260
\tikz@lastxsaved=\dimen261
\tikz@lastysaved=\dimen262
\tikz@lastmovetox=\dimen263
\tikz@lastmovetoy=\dimen264
\tikzleveldistance=\dimen265
\tikzsiblingdistance=\dimen266
\tikz@figbox=\box62
\tikz@figbox@bg=\box63
\tikz@tempbox=\box64
\tikz@tempbox@bg=\box65
\tikztreelevel=\count275
\tikznumberofchildren=\count276
\tikznumberofcurrentchild=\count277
\tikz@fig@count=\count278

(C:\miktex-portable\texmfs\install\tex/generic/pgf/modules\pgfmodulematrix.code.tex
File: pgfmodulematrix.code.tex 2021/05/15 v3.1.9a (3.1.9a)
\pgfmatrixcurrentrow=\count279
\pgfmatrixcurrentcolumn=\count280
\pgf@matrix@numberofcolumns=\count281
)
\tikz@expandcount=\count282

(C:\miktex-portable\texmfs\install\tex/generic/pgf/frontendlayer/tikz/libraries\tikzlibrarytopaths.code.tex
File: tikzlibrarytopaths.code.tex 2021/05/15 v3.1.9a (3.1.9a)
)))
(C:\miktex-portable\texmfs\install\tex/latex/enumitem\enumitem.sty
Package: enumitem 2019/06/20 v3.9 Customized lists
\labelindent=\skip62
\enit@outerparindent=\dimen267
\enit@toks=\toks37
\enit@inbox=\box66
\enit@count@id=\count283
\enitdp@description=\count284
)
(C:\miktex-portable\texmfs\install\tex/latex/changepage\changepage.sty
Package: changepage 2009/10/20 v1.0c check page and change page layout
\c@cp@cntr=\count285
\cp@tempcnt=\count286
)
(C:\miktex-portable\texmfs\install\tex/latex/mwe\mwe.sty
Package: mwe 2018/03/30 v0.5 Package to support minimal working examples (MWE)
 (C:\miktex-portable\texmfs\install\tex/latex/lipsum\lipsum.sty
(C:\miktex-portable\texmfs\install\tex/latex/l3kernel\expl3.sty
Package: expl3 2021-06-18 L3 programming layer (loader) 

(C:\miktex-portable\texmfs\install\tex/latex/l3backend\l3backend-pdftex.def
File: l3backend-pdftex.def 2021-05-07 L3 backend support: PDF output (pdfTeX)
\l__color_backend_stack_int=\count287
\l__pdf_internal_box=\box67
))
(C:\miktex-portable\texmfs\install\tex/latex/l3packages/xparse\xparse.sty
Package: xparse 2021-06-18 L3 Experimental document command parser
)
Package: lipsum 2021-03-03 v2.3 150 paragraphs of Lorem Ipsum dummy text

(C:\miktex-portable\texmfs\install\tex/latex/lipsum\lipsum.ltd.tex
File: lipsum.ltd.tex 2021-03-03 v2.3 The Lorem ipsum dummy text
))
(C:\miktex-portable\texmfs\install\tex/latex/blindtext\blindtext.sty
Package: blindtext 2012/01/06 V2.0 blindtext-Package

(C:\miktex-portable\texmfs\install\tex/latex/tools\xspace.sty
Package: xspace 2014/10/28 v1.13 Space after command names (DPC,MH)
)
\c@blindtext=\count288
\c@Blindtext=\count289
\c@blind@countparstart=\count290
\blind@countxx=\count291
\blindtext@numBlindtext=\count292
\blind@countyy=\count293
\c@blindlist=\count294
\c@blindlistlevel=\count295
\c@blindlist@level=\count296
\blind@listitem=\count297
\c@blind@listcount=\count298
\c@blind@levelcount=\count299
\blind@mathformula=\count300
\blind@Mathformula=\count301
\c@blind@randomcount=\count302
\c@blind@randommax=\count303
\c@blind@pangramcount=\count304
\c@blind@pangrammax=\count305
))
(C:\miktex-portable\texmfs\install\tex/latex/eso-pic\showframe.sty
Package: showframe 2020/10/14 v0.1j showframe (new impl., RN)

(C:\miktex-portable\texmfs\install\tex/latex/eso-pic\eso-pic.sty
Package: eso-pic 2020/10/14 v3.0a eso-pic (RN)
\ESO@tempdima=\dimen268
\ESO@tempdimb=\dimen269
)
\SF@tempdima=\dimen270
)
(C:\miktex-portable\texmfs\install\tex/latex/ltablex\ltablex.sty
Package: ltablex 2014/08/13 v1.1 Modified tabularx

(C:\miktex-portable\texmfs\install\tex/latex/tools\longtable.sty
Package: longtable 2021-05-07 v4.16 Multi-page Table package (DPC)
\LTleft=\skip63
\LTright=\skip64
\LTpre=\skip65
\LTpost=\skip66
\LTchunksize=\count306
\LTcapwidth=\dimen271
\LT@head=\box68
\LT@firsthead=\box69
\LT@foot=\box70
\LT@lastfoot=\box71
\LT@gbox=\box72
\LT@cols=\count307
\LT@rows=\count308
\c@LT@tables=\count309
\c@LT@chunks=\count310
\LT@p@ftn=\toks38
))
(C:\miktex-portable\texmfs\install\tex/latex/ragged2e\ragged2e.sty
Package: ragged2e 2021/02/05 v3.0 ragged2e Package
\CenteringLeftskip=\skip67
\RaggedLeftLeftskip=\skip68
\RaggedRightLeftskip=\skip69
\CenteringRightskip=\skip70
\RaggedLeftRightskip=\skip71
\RaggedRightRightskip=\skip72
\CenteringParfillskip=\skip73
\RaggedLeftParfillskip=\skip74
\RaggedRightParfillskip=\skip75
\JustifyingParfillskip=\skip76
\CenteringParindent=\skip77
\RaggedLeftParindent=\skip78
\RaggedRightParindent=\skip79
\JustifyingParindent=\skip80
)
(C:\miktex-portable\texmfs\install\tex/latex/tools\hhline.sty
Package: hhline 2020/01/04 v2.04 Table rule package (DPC)
)
LaTeX Font Info:    Trying to load font information for T1+lmr on input line 46.
 (C:\miktex-portable\texmfs\install\tex/latex/lm\t1lmr.fd
File: t1lmr.fd 2009/10/30 v1.6 Font defs for Latin Modern
) (ES1_2020_03_qclog.aux)
\openout1 = `ES1_2020_03_qclog.aux'.

LaTeX Font Info:    Checking defaults for OML/cmm/m/it on input line 46.
LaTeX Font Info:    ... okay on input line 46.
LaTeX Font Info:    Checking defaults for OMS/cmsy/m/n on input line 46.
LaTeX Font Info:    ... okay on input line 46.
LaTeX Font Info:    Checking defaults for OT1/cmr/m/n on input line 46.
LaTeX Font Info:    ... okay on input line 46.
LaTeX Font Info:    Checking defaults for T1/cmr/m/n on input line 46.
LaTeX Font Info:    ... okay on input line 46.
LaTeX Font Info:    Checking defaults for TS1/cmr/m/n on input line 46.
LaTeX Font Info:    ... okay on input line 46.
LaTeX Font Info:    Checking defaults for OMX/cmex/m/n on input line 46.
LaTeX Font Info:    ... okay on input line 46.
LaTeX Font Info:    Checking defaults for U/cmr/m/n on input line 46.
LaTeX Font Info:    ... okay on input line 46.
 (C:\miktex-portable\texmfs\install\tex/context/base/mkii\supp-pdf.mkii
[Loading MPS to PDF converter (version 2006.09.02).]
\scratchcounter=\count311
\scratchdimen=\dimen272
\scratchbox=\box73
\nofMPsegments=\count312
\nofMParguments=\count313
\everyMPshowfont=\toks39
\MPscratchCnt=\count314
\MPscratchDim=\dimen273
\MPnumerator=\count315
\makeMPintoPDFobject=\count316
\everyMPtoPDFconversion=\toks40
) (C:\miktex-portable\texmfs\install\tex/latex/epstopdf-pkg\epstopdf-base.sty
Package: epstopdf-base 2020-01-24 v2.11 Base part for package epstopdf
Package epstopdf-base Info: Redefining graphics rule for `.eps' on input line 485.

(C:\miktex-portable\texmfs\install\tex/latex/00miktex\epstopdf-sys.cfg
File: epstopdf-sys.cfg 2021/03/18 v2.0 Configuration of epstopdf for MiKTeX
))
*geometry* driver: auto-detecting
*geometry* detected driver: pdftex
*geometry* verbose mode - [ preamble ] result:
* driver: pdftex
* paper: a4paper
* layout: <same size as paper>
* layoutoffset:(h,v)=(0.0pt,0.0pt)
* modes: 
* h-part:(L,W,R)=(56.9055pt, 483.69687pt, 56.9055pt)
* v-part:(T,H,B)=(56.9055pt, 688.5567pt, 99.58464pt)
* \paperwidth=597.50787pt
* \paperheight=845.04684pt
* \textwidth=483.69687pt
* \textheight=688.5567pt
* \oddsidemargin=-15.36449pt
* \evensidemargin=-15.36449pt
* \topmargin=-52.36449pt
* \headheight=64.0pt
* \headsep=20.0pt
* \topskip=10.0pt
* \footskip=30.0pt
* \marginparwidth=57.0pt
* \marginparsep=11.0pt
* \columnsep=10.0pt
* \skip\footins=9.0pt plus 4.0pt minus 2.0pt
* \hoffset=0.0pt
* \voffset=0.0pt
* \mag=1000
* \@twocolumnfalse
* \@twosidefalse
* \@mparswitchfalse
* \@reversemarginfalse
* (1in=72.27pt=25.4mm, 1cm=28.453pt)


LaTeX Font Warning: Font shape `T1/lmr/bx/sc' undefined
(Font)              using `T1/lmr/bx/n' instead on input line 47.

LaTeX Font Info:    Trying to load font information for OT1+lmr on input line 47.
(C:\miktex-portable\texmfs\install\tex/latex/lm\ot1lmr.fd
File: ot1lmr.fd 2009/10/30 v1.6 Font defs for Latin Modern
)
LaTeX Font Info:    Trying to load font information for OML+lmm on input line 47.
 (C:\miktex-portable\texmfs\install\tex/latex/lm\omllmm.fd
File: omllmm.fd 2009/10/30 v1.6 Font defs for Latin Modern
)
LaTeX Font Info:    Trying to load font information for OMS+lmsy on input line 47.

(C:\miktex-portable\texmfs\install\tex/latex/lm\omslmsy.fd
File: omslmsy.fd 2009/10/30 v1.6 Font defs for Latin Modern
)
LaTeX Font Info:    Trying to load font information for OMX+lmex on input line 47.
 (C:\miktex-portable\texmfs\install\tex/latex/lm\omxlmex.fd
File: omxlmex.fd 2009/10/30 v1.6 Font defs for Latin Modern
)
LaTeX Font Info:    External font `lmex10' loaded for size
(Font)              <10> on input line 47.
LaTeX Font Info:    External font `lmex10' loaded for size
(Font)              <7> on input line 47.
LaTeX Font Info:    External font `lmex10' loaded for size
(Font)              <5> on input line 47.


! LaTeX Error: \begin{medlemmar} on input line 47 ended by \end{tabularx}.

See the LaTeX manual or LaTeX Companion for explanation.
Type  H <return>  for immediate help.
 ...                                              
                                                  
l.51 \end{medlemmar}
                    
Your command was ignored.
Type  I <command> <return>  to replace it with another command,
or  <return>  to continue without it.

<X:/Meereskunde/Unterwasserschall/BSH-Interreg-JOMOPANS/30_Media/40_Logo/Partner/BSH-Logo_ohneBeschnitt.jpg, id=4, 91.54
2pt x 173.02643pt>
File: X:/Meereskunde/Unterwasserschall/BSH-Interreg-JOMOPANS/30_Media/40_Logo/Partner/BSH-Logo_ohneBeschnitt.jpg Graphic
 file (type jpg)
<use X:/Meereskunde/Unterwasserschall/BSH-Interreg-JOMOPANS/30_Media/40_Logo/Partner/BSH-Logo_ohneBeschnitt.jpg>
Package pdftex.def Info: X:/Meereskunde/Unterwasserschall/BSH-Interreg-JOMOPANS/30_Media/40_Logo/Partner/BSH-Logo_ohneBe
schnitt.jpg  used on input line 74.
(pdftex.def)             Requested size: 31.74405pt x 60.0pt.
[1{C:/miktex-portable/texmfs/data/pdftex/config/pdftex.map}

 <X:/Meereskunde/Unterwasserschall/BSH-Interreg-JOMOPANS/30_Media/40_Logo/Partner/BSH-Logo_ohneBeschnitt.jpg>]

LaTeX Warning: File `1.png' not found on input line 76.


! Package pdftex.def Error: File `1.png' not found: using draft setting.

See the pdftex.def package documentation for explanation.
Type  H <return>  for immediate help.
 ...                                              
                                                  
l.76 ...5\textwidth,height=0.95\textheight]{1.png}
                                                  
Try typing  <return>  to proceed.
If that doesn't work, type  X <return>  to quit.

LaTeX Font Info:    Trying to load font information for T1+lmtt on input line 76.
(C:\miktex-portable\texmfs\install\tex/latex/lm\t1lmtt.fd
File: t1lmtt.fd 2009/10/30 v1.6 Font defs for Latin Modern
)
File: X:/Meereskunde/Unterwasserschall/BSH-Interreg-JOMOPANS/30_Media/40_Logo/Partner/BSH-Logo_ohneBeschnitt.jpg Graphic
 file (type jpg)
<use X:/Meereskunde/Unterwasserschall/BSH-Interreg-JOMOPANS/30_Media/40_Logo/Partner/BSH-Logo_ohneBeschnitt.jpg>
Package pdftex.def Info: X:/Meereskunde/Unterwasserschall/BSH-Interreg-JOMOPANS/30_Media/40_Logo/Partner/BSH-Logo_ohneBe
schnitt.jpg  used on input line 77.
(pdftex.def)             Requested size: 31.74405pt x 60.0pt.
 [2]
File: X:/Meereskunde/Unterwasserschall/BSH-Interreg-JOMOPANS/30_Media/40_Logo/Partner/BSH-Logo_ohneBeschnitt.jpg Graphic
 file (type jpg)
<use X:/Meereskunde/Unterwasserschall/BSH-Interreg-JOMOPANS/30_Media/40_Logo/Partner/BSH-Logo_ohneBeschnitt.jpg>
Package pdftex.def Info: X:/Meereskunde/Unterwasserschall/BSH-Interreg-JOMOPANS/30_Media/40_Logo/Partner/BSH-Logo_ohneBe
schnitt.jpg  used on input line 1124.
(pdftex.def)             Requested size: 31.74405pt x 60.0pt.
 [3]
File: X:/Meereskunde/Unterwasserschall/BSH-Interreg-JOMOPANS/30_Media/40_Logo/Partner/BSH-Logo_ohneBeschnitt.jpg Graphic
 file (type jpg)
<use X:/Meereskunde/Unterwasserschall/BSH-Interreg-JOMOPANS/30_Media/40_Logo/Partner/BSH-Logo_ohneBeschnitt.jpg>
Package pdftex.def Info: X:/Meereskunde/Unterwasserschall/BSH-Interreg-JOMOPANS/30_Media/40_Logo/Partner/BSH-Logo_ohneBe
schnitt.jpg  used on input line 1124.
(pdftex.def)             Requested size: 31.74405pt x 60.0pt.
 [4]
File: X:/Meereskunde/Unterwasserschall/BSH-Interreg-JOMOPANS/30_Media/40_Logo/Partner/BSH-Logo_ohneBeschnitt.jpg Graphic
 file (type jpg)
<use X:/Meereskunde/Unterwasserschall/BSH-Interreg-JOMOPANS/30_Media/40_Logo/Partner/BSH-Logo_ohneBeschnitt.jpg>
Package pdftex.def Info: X:/Meereskunde/Unterwasserschall/BSH-Interreg-JOMOPANS/30_Media/40_Logo/Partner/BSH-Logo_ohneBe
schnitt.jpg  used on input line 1124.
(pdftex.def)             Requested size: 31.74405pt x 60.0pt.
 [5]
File: X:/Meereskunde/Unterwasserschall/BSH-Interreg-JOMOPANS/30_Media/40_Logo/Partner/BSH-Logo_ohneBeschnitt.jpg Graphic
 file (type jpg)
<use X:/Meereskunde/Unterwasserschall/BSH-Interreg-JOMOPANS/30_Media/40_Logo/Partner/BSH-Logo_ohneBeschnitt.jpg>
Package pdftex.def Info: X:/Meereskunde/Unterwasserschall/BSH-Interreg-JOMOPANS/30_Media/40_Logo/Partner/BSH-Logo_ohneBe
schnitt.jpg  used on input line 1124.
(pdftex.def)             Requested size: 31.74405pt x 60.0pt.
 [6]
File: X:/Meereskunde/Unterwasserschall/BSH-Interreg-JOMOPANS/30_Media/40_Logo/Partner/BSH-Logo_ohneBeschnitt.jpg Graphic
 file (type jpg)
<use X:/Meereskunde/Unterwasserschall/BSH-Interreg-JOMOPANS/30_Media/40_Logo/Partner/BSH-Logo_ohneBeschnitt.jpg>
Package pdftex.def Info: X:/Meereskunde/Unterwasserschall/BSH-Interreg-JOMOPANS/30_Media/40_Logo/Partner/BSH-Logo_ohneBe
schnitt.jpg  used on input line 1124.
(pdftex.def)             Requested size: 31.74405pt x 60.0pt.
 [7]
File: X:/Meereskunde/Unterwasserschall/BSH-Interreg-JOMOPANS/30_Media/40_Logo/Partner/BSH-Logo_ohneBeschnitt.jpg Graphic
 file (type jpg)
<use X:/Meereskunde/Unterwasserschall/BSH-Interreg-JOMOPANS/30_Media/40_Logo/Partner/BSH-Logo_ohneBeschnitt.jpg>
Package pdftex.def Info: X:/Meereskunde/Unterwasserschall/BSH-Interreg-JOMOPANS/30_Media/40_Logo/Partner/BSH-Logo_ohneBe
schnitt.jpg  used on input line 1124.
(pdftex.def)             Requested size: 31.74405pt x 60.0pt.
 [8]
File: X:/Meereskunde/Unterwasserschall/BSH-Interreg-JOMOPANS/30_Media/40_Logo/Partner/BSH-Logo_ohneBeschnitt.jpg Graphic
 file (type jpg)
<use X:/Meereskunde/Unterwasserschall/BSH-Interreg-JOMOPANS/30_Media/40_Logo/Partner/BSH-Logo_ohneBeschnitt.jpg>
Package pdftex.def Info: X:/Meereskunde/Unterwasserschall/BSH-Interreg-JOMOPANS/30_Media/40_Logo/Partner/BSH-Logo_ohneBe
schnitt.jpg  used on input line 1124.
(pdftex.def)             Requested size: 31.74405pt x 60.0pt.
 [9]
File: X:/Meereskunde/Unterwasserschall/BSH-Interreg-JOMOPANS/30_Media/40_Logo/Partner/BSH-Logo_ohneBeschnitt.jpg Graphic
 file (type jpg)
<use X:/Meereskunde/Unterwasserschall/BSH-Interreg-JOMOPANS/30_Media/40_Logo/Partner/BSH-Logo_ohneBeschnitt.jpg>
Package pdftex.def Info: X:/Meereskunde/Unterwasserschall/BSH-Interreg-JOMOPANS/30_Media/40_Logo/Partner/BSH-Logo_ohneBe
schnitt.jpg  used on input line 1124.
(pdftex.def)             Requested size: 31.74405pt x 60.0pt.
 [10]
File: X:/Meereskunde/Unterwasserschall/BSH-Interreg-JOMOPANS/30_Media/40_Logo/Partner/BSH-Logo_ohneBeschnitt.jpg Graphic
 file (type jpg)
<use X:/Meereskunde/Unterwasserschall/BSH-Interreg-JOMOPANS/30_Media/40_Logo/Partner/BSH-Logo_ohneBeschnitt.jpg>
Package pdftex.def Info: X:/Meereskunde/Unterwasserschall/BSH-Interreg-JOMOPANS/30_Media/40_Logo/Partner/BSH-Logo_ohneBe
schnitt.jpg  used on input line 1124.
(pdftex.def)             Requested size: 31.74405pt x 60.0pt.
 [11]
File: X:/Meereskunde/Unterwasserschall/BSH-Interreg-JOMOPANS/30_Media/40_Logo/Partner/BSH-Logo_ohneBeschnitt.jpg Graphic
 file (type jpg)
<use X:/Meereskunde/Unterwasserschall/BSH-Interreg-JOMOPANS/30_Media/40_Logo/Partner/BSH-Logo_ohneBeschnitt.jpg>
Package pdftex.def Info: X:/Meereskunde/Unterwasserschall/BSH-Interreg-JOMOPANS/30_Media/40_Logo/Partner/BSH-Logo_ohneBe
schnitt.jpg  used on input line 1124.
(pdftex.def)             Requested size: 31.74405pt x 60.0pt.
 [12]
File: X:/Meereskunde/Unterwasserschall/BSH-Interreg-JOMOPANS/30_Media/40_Logo/Partner/BSH-Logo_ohneBeschnitt.jpg Graphic
 file (type jpg)
<use X:/Meereskunde/Unterwasserschall/BSH-Interreg-JOMOPANS/30_Media/40_Logo/Partner/BSH-Logo_ohneBeschnitt.jpg>
Package pdftex.def Info: X:/Meereskunde/Unterwasserschall/BSH-Interreg-JOMOPANS/30_Media/40_Logo/Partner/BSH-Logo_ohneBe
schnitt.jpg  used on input line 1124.
(pdftex.def)             Requested size: 31.74405pt x 60.0pt.
 [13]
File: X:/Meereskunde/Unterwasserschall/BSH-Interreg-JOMOPANS/30_Media/40_Logo/Partner/BSH-Logo_ohneBeschnitt.jpg Graphic
 file (type jpg)
<use X:/Meereskunde/Unterwasserschall/BSH-Interreg-JOMOPANS/30_Media/40_Logo/Partner/BSH-Logo_ohneBeschnitt.jpg>
Package pdftex.def Info: X:/Meereskunde/Unterwasserschall/BSH-Interreg-JOMOPANS/30_Media/40_Logo/Partner/BSH-Logo_ohneBe
schnitt.jpg  used on input line 1124.
(pdftex.def)             Requested size: 31.74405pt x 60.0pt.
 [14]
File: X:/Meereskunde/Unterwasserschall/BSH-Interreg-JOMOPANS/30_Media/40_Logo/Partner/BSH-Logo_ohneBeschnitt.jpg Graphic
 file (type jpg)
<use X:/Meereskunde/Unterwasserschall/BSH-Interreg-JOMOPANS/30_Media/40_Logo/Partner/BSH-Logo_ohneBeschnitt.jpg>
Package pdftex.def Info: X:/Meereskunde/Unterwasserschall/BSH-Interreg-JOMOPANS/30_Media/40_Logo/Partner/BSH-Logo_ohneBe
schnitt.jpg  used on input line 1124.
(pdftex.def)             Requested size: 31.74405pt x 60.0pt.

[15]
File: X:/Meereskunde/Unterwasserschall/BSH-Interreg-JOMOPANS/30_Media/40_Logo/Partner/BSH-Logo_ohneBeschnitt.jpg Graphic
 file (type jpg)
<use X:/Meereskunde/Unterwasserschall/BSH-Interreg-JOMOPANS/30_Media/40_Logo/Partner/BSH-Logo_ohneBeschnitt.jpg>
Package pdftex.def Info: X:/Meereskunde/Unterwasserschall/BSH-Interreg-JOMOPANS/30_Media/40_Logo/Partner/BSH-Logo_ohneBe
schnitt.jpg  used on input line 1124.
(pdftex.def)             Requested size: 31.74405pt x 60.0pt.
 [16]
File: X:/Meereskunde/Unterwasserschall/BSH-Interreg-JOMOPANS/30_Media/40_Logo/Partner/BSH-Logo_ohneBeschnitt.jpg Graphic
 file (type jpg)
<use X:/Meereskunde/Unterwasserschall/BSH-Interreg-JOMOPANS/30_Media/40_Logo/Partner/BSH-Logo_ohneBeschnitt.jpg>
Package pdftex.def Info: X:/Meereskunde/Unterwasserschall/BSH-Interreg-JOMOPANS/30_Media/40_Logo/Partner/BSH-Logo_ohneBe
schnitt.jpg  used on input line 1124.
(pdftex.def)             Requested size: 31.74405pt x 60.0pt.
 [17]
File: X:/Meereskunde/Unterwasserschall/BSH-Interreg-JOMOPANS/30_Media/40_Logo/Partner/BSH-Logo_ohneBeschnitt.jpg Graphic
 file (type jpg)
<use X:/Meereskunde/Unterwasserschall/BSH-Interreg-JOMOPANS/30_Media/40_Logo/Partner/BSH-Logo_ohneBeschnitt.jpg>
Package pdftex.def Info: X:/Meereskunde/Unterwasserschall/BSH-Interreg-JOMOPANS/30_Media/40_Logo/Partner/BSH-Logo_ohneBe
schnitt.jpg  used on input line 1124.
(pdftex.def)             Requested size: 31.74405pt x 60.0pt.
 [18]
File: X:/Meereskunde/Unterwasserschall/BSH-Interreg-JOMOPANS/30_Media/40_Logo/Partner/BSH-Logo_ohneBeschnitt.jpg Graphic
 file (type jpg)
<use X:/Meereskunde/Unterwasserschall/BSH-Interreg-JOMOPANS/30_Media/40_Logo/Partner/BSH-Logo_ohneBeschnitt.jpg>
Package pdftex.def Info: X:/Meereskunde/Unterwasserschall/BSH-Interreg-JOMOPANS/30_Media/40_Logo/Partner/BSH-Logo_ohneBe
schnitt.jpg  used on input line 1124.
(pdftex.def)             Requested size: 31.74405pt x 60.0pt.
 [19]
File: X:/Meereskunde/Unterwasserschall/BSH-Interreg-JOMOPANS/30_Media/40_Logo/Partner/BSH-Logo_ohneBeschnitt.jpg Graphic
 file (type jpg)
<use X:/Meereskunde/Unterwasserschall/BSH-Interreg-JOMOPANS/30_Media/40_Logo/Partner/BSH-Logo_ohneBeschnitt.jpg>
Package pdftex.def Info: X:/Meereskunde/Unterwasserschall/BSH-Interreg-JOMOPANS/30_Media/40_Logo/Partner/BSH-Logo_ohneBe
schnitt.jpg  used on input line 1125.
(pdftex.def)             Requested size: 31.74405pt x 60.0pt.
 [20] (ES1_2020_03_qclog.aux)

LaTeX Font Warning: Some font shapes were not available, defaults substituted.

 ) 
Here is how much of TeX's memory you used:
 15005 strings out of 478838
 294771 string characters out of 2853216
 10834825 words of memory out of 13000000
 32611 multiletter control sequences out of 15000+600000
 456137 words of font info for 56 fonts, out of 8000000 for 9000
 1141 hyphenation exceptions out of 8191
 84i,15n,89p,1266b,484s stack positions out of 5000i,500n,10000p,200000b,80000s
{C:/miktex-portable/texmfs/install/fonts/enc/dvips/lm/lm-ec.enc}<C:/miktex-portable/texmfs/install/fonts/type1/public/
lm/lmbx10.pfb><C:/miktex-portable/texmfs/install/fonts/type1/public/lm/lmbx12.pfb><C:/miktex-portable/texmfs/install/fon
ts/type1/public/lm/lmbx9.pfb><C:/miktex-portable/texmfs/install/fonts/type1/public/lm/lmcsc10.pfb><C:/miktex-portable/te
xmfs/install/fonts/type1/public/lm/lmr10.pfb><C:/miktex-portable/texmfs/install/fonts/type1/public/lm/lmr9.pfb><C:/mikte
x-portable/texmfs/install/fonts/type1/public/lm/lmri10.pfb><C:/miktex-portable/texmfs/install/fonts/type1/public/lm/lmtt
10.pfb>
Output written on ES1_2020_03_qclog.pdf (20 pages, 1217920 bytes).
PDF statistics:
 112 PDF objects out of 1000 (max. 8388607)
 0 named destinations out of 1000 (max. 500000)
 18 words of extra memory for PDF output out of 10000 (max. 10000000)

